{"/Users/sukritanand/catalog_service/dist/src/dto/product.dto.js": {"path":"/Users/sukritanand/catalog_service/dist/src/dto/product.dto.js","all":false,"statementMap":{"0":{"start":{"line":1,"column":0},"end":{"line":1,"column":13}},"1":{"start":{"line":2,"column":0},"end":{"line":2,"column":88}},"2":{"start":{"line":3,"column":0},"end":{"line":3,"column":129}},"3":{"start":{"line":4,"column":0},"end":{"line":4,"column":131}},"4":{"start":{"line":5,"column":0},"end":{"line":5,"column":150}},"5":{"start":{"line":6,"column":0},"end":{"line":6,"column":66}},"6":{"start":{"line":7,"column":0},"end":{"line":7,"column":2}},"7":{"start":{"line":8,"column":0},"end":{"line":8,"column":62}},"8":{"start":{"line":9,"column":0},"end":{"line":9,"column":69}},"9":{"start":{"line":10,"column":0},"end":{"line":10,"column":53}},"10":{"start":{"line":11,"column":0},"end":{"line":11,"column":28}},"11":{"start":{"line":12,"column":0},"end":{"line":12,"column":1}},"12":{"start":{"line":13,"column":0},"end":{"line":13,"column":52}},"13":{"start":{"line":14,"column":0},"end":{"line":14,"column":12}},"14":{"start":{"line":15,"column":0},"end":{"line":15,"column":38}},"15":{"start":{"line":16,"column":0},"end":{"line":16,"column":39}},"16":{"start":{"line":17,"column":0},"end":{"line":17,"column":51}},"17":{"start":{"line":18,"column":0},"end":{"line":18,"column":12}},"18":{"start":{"line":19,"column":0},"end":{"line":19,"column":38}},"19":{"start":{"line":20,"column":0},"end":{"line":20,"column":39}},"20":{"start":{"line":21,"column":0},"end":{"line":21,"column":58}},"21":{"start":{"line":22,"column":0},"end":{"line":22,"column":12}},"22":{"start":{"line":23,"column":0},"end":{"line":23,"column":38}},"23":{"start":{"line":24,"column":0},"end":{"line":24,"column":33}},"24":{"start":{"line":25,"column":0},"end":{"line":25,"column":52}},"25":{"start":{"line":26,"column":0},"end":{"line":26,"column":12}},"26":{"start":{"line":27,"column":0},"end":{"line":27,"column":37}},"27":{"start":{"line":28,"column":0},"end":{"line":28,"column":52}},"28":{"start":{"line":29,"column":0},"end":{"line":29,"column":28}},"29":{"start":{"line":30,"column":0},"end":{"line":30,"column":1}},"30":{"start":{"line":31,"column":0},"end":{"line":31,"column":52}},"31":{"start":{"line":32,"column":0},"end":{"line":32,"column":12}},"32":{"start":{"line":33,"column":0},"end":{"line":33,"column":33}},"33":{"start":{"line":34,"column":0},"end":{"line":34,"column":52}}},"s":{"0":1,"1":1,"2":5,"3":5,"4":5,"5":5,"6":1,"7":1,"8":1,"9":1,"10":1,"11":1,"12":1,"13":1,"14":1,"15":1,"16":1,"17":1,"18":1,"19":1,"20":1,"21":1,"22":1,"23":1,"24":1,"25":1,"26":1,"27":1,"28":1,"29":1,"30":1,"31":1,"32":1,"33":1},"branchMap":{"0":{"type":"branch","line":1,"loc":{"start":{"line":1,"column":0},"end":{"line":34,"column":52}},"locations":[{"start":{"line":1,"column":0},"end":{"line":34,"column":52}}]},"1":{"type":"branch","line":1,"loc":{"start":{"line":1,"column":0},"end":{"line":34,"column":52}},"locations":[{"start":{"line":1,"column":0},"end":{"line":34,"column":52}}]},"2":{"type":"branch","line":2,"loc":{"start":{"line":2,"column":46},"end":{"line":7,"column":1}},"locations":[{"start":{"line":2,"column":46},"end":{"line":7,"column":1}}]},"3":{"type":"branch","line":3,"loc":{"start":{"line":3,"column":40},"end":{"line":3,"column":48}},"locations":[{"start":{"line":3,"column":40},"end":{"line":3,"column":48}}]},"4":{"type":"branch","line":3,"loc":{"start":{"line":3,"column":65},"end":{"line":3,"column":118}},"locations":[{"start":{"line":3,"column":65},"end":{"line":3,"column":118}}]},"5":{"type":"branch","line":4,"loc":{"start":{"line":4,"column":79},"end":{"line":4,"column":131}},"locations":[{"start":{"line":4,"column":79},"end":{"line":4,"column":131}}]},"6":{"type":"branch","line":5,"loc":{"start":{"line":5,"column":58},"end":{"line":5,"column":150}},"locations":[{"start":{"line":5,"column":58},"end":{"line":5,"column":150}}]},"7":{"type":"branch","line":5,"loc":{"start":{"line":5,"column":92},"end":{"line":5,"column":98}},"locations":[{"start":{"line":5,"column":92},"end":{"line":5,"column":98}}]},"8":{"type":"branch","line":5,"loc":{"start":{"line":5,"column":127},"end":{"line":5,"column":143}},"locations":[{"start":{"line":5,"column":127},"end":{"line":5,"column":143}}]},"9":{"type":"branch","line":6,"loc":{"start":{"line":6,"column":22},"end":{"line":6,"column":62}},"locations":[{"start":{"line":6,"column":22},"end":{"line":6,"column":62}}]}},"b":{"0":[1],"1":[1],"2":[5],"3":[0],"4":[0],"5":[0],"6":[8],"7":[0],"8":[0],"9":[0]},"fnMap":{"0":{"name":"Object.<anonymous>","decl":{"start":{"line":1,"column":0},"end":{"line":34,"column":52}},"loc":{"start":{"line":1,"column":0},"end":{"line":34,"column":52}},"line":1},"1":{"name":"Object.<anonymous>.__decorate","decl":{"start":{"line":2,"column":46},"end":{"line":7,"column":1}},"loc":{"start":{"line":2,"column":46},"end":{"line":7,"column":1}},"line":2}},"f":{"0":1,"1":5}}
,"/Users/sukritanand/catalog_service/dist/src/models/product.model.js": {"path":"/Users/sukritanand/catalog_service/dist/src/models/product.model.js","all":false,"statementMap":{"0":{"start":{"line":1,"column":0},"end":{"line":1,"column":13}},"1":{"start":{"line":2,"column":0},"end":{"line":2,"column":62}},"2":{"start":{"line":3,"column":0},"end":{"line":3,"column":39}},"3":{"start":{"line":4,"column":0},"end":{"line":4,"column":63}},"4":{"start":{"line":5,"column":0},"end":{"line":5,"column":45}},"5":{"start":{"line":6,"column":0},"end":{"line":6,"column":43}},"6":{"start":{"line":7,"column":0},"end":{"line":7,"column":50}},"7":{"start":{"line":8,"column":0},"end":{"line":8,"column":44}},"8":{"start":{"line":9,"column":0},"end":{"line":9,"column":44}},"9":{"start":{"line":10,"column":0},"end":{"line":10,"column":47}},"10":{"start":{"line":11,"column":0},"end":{"line":11,"column":3}},"11":{"start":{"line":12,"column":0},"end":{"line":12,"column":66}}},"s":{"0":1,"1":1,"2":1,"3":1,"4":1,"5":1,"6":1,"7":1,"8":1,"9":1,"10":1,"11":1},"branchMap":{"0":{"type":"branch","line":1,"loc":{"start":{"line":1,"column":0},"end":{"line":12,"column":66}},"locations":[{"start":{"line":1,"column":0},"end":{"line":12,"column":66}}]},"1":{"type":"branch","line":1,"loc":{"start":{"line":1,"column":0},"end":{"line":12,"column":66}},"locations":[{"start":{"line":1,"column":0},"end":{"line":12,"column":66}}]}},"b":{"0":[1],"1":[1]},"fnMap":{"0":{"name":"Object.<anonymous>","decl":{"start":{"line":1,"column":0},"end":{"line":12,"column":66}},"loc":{"start":{"line":1,"column":0},"end":{"line":12,"column":66}},"line":1}},"f":{"0":1}}
,"/Users/sukritanand/catalog_service/dist/src/repository/mockProduct.repository.js": {"path":"/Users/sukritanand/catalog_service/dist/src/repository/mockProduct.repository.js","all":false,"statementMap":{"0":{"start":{"line":1,"column":0},"end":{"line":1,"column":13}},"1":{"start":{"line":2,"column":0},"end":{"line":2,"column":62}},"2":{"start":{"line":3,"column":0},"end":{"line":3,"column":39}},"3":{"start":{"line":4,"column":0},"end":{"line":4,"column":84}},"4":{"start":{"line":5,"column":0},"end":{"line":5,"column":29}},"5":{"start":{"line":6,"column":0},"end":{"line":6,"column":18}},"6":{"start":{"line":7,"column":0},"end":{"line":7,"column":61}},"7":{"start":{"line":8,"column":0},"end":{"line":8,"column":44}},"8":{"start":{"line":9,"column":0},"end":{"line":9,"column":5}},"9":{"start":{"line":10,"column":0},"end":{"line":10,"column":18}},"10":{"start":{"line":11,"column":0},"end":{"line":11,"column":51}},"11":{"start":{"line":12,"column":0},"end":{"line":12,"column":43}},"12":{"start":{"line":13,"column":0},"end":{"line":13,"column":5}},"13":{"start":{"line":14,"column":0},"end":{"line":14,"column":16}},"14":{"start":{"line":15,"column":0},"end":{"line":15,"column":35}},"15":{"start":{"line":16,"column":0},"end":{"line":16,"column":5}},"16":{"start":{"line":17,"column":0},"end":{"line":17,"column":25}},"17":{"start":{"line":18,"column":0},"end":{"line":18,"column":35}},"18":{"start":{"line":19,"column":0},"end":{"line":19,"column":5}},"19":{"start":{"line":20,"column":0},"end":{"line":20,"column":17}},"20":{"start":{"line":21,"column":0},"end":{"line":21,"column":28}},"21":{"start":{"line":22,"column":0},"end":{"line":22,"column":21}},"22":{"start":{"line":23,"column":0},"end":{"line":23,"column":23}},"23":{"start":{"line":24,"column":0},"end":{"line":24,"column":35}},"24":{"start":{"line":25,"column":0},"end":{"line":25,"column":58}},"25":{"start":{"line":26,"column":0},"end":{"line":26,"column":26}},"26":{"start":{"line":27,"column":0},"end":{"line":27,"column":25}},"27":{"start":{"line":28,"column":0},"end":{"line":28,"column":14}},"28":{"start":{"line":29,"column":0},"end":{"line":29,"column":38}},"29":{"start":{"line":30,"column":0},"end":{"line":30,"column":9}},"30":{"start":{"line":31,"column":0},"end":{"line":31,"column":14}},"31":{"start":{"line":32,"column":0},"end":{"line":32,"column":54}},"32":{"start":{"line":33,"column":0},"end":{"line":33,"column":38}},"33":{"start":{"line":34,"column":0},"end":{"line":34,"column":9}},"34":{"start":{"line":35,"column":0},"end":{"line":35,"column":5}},"35":{"start":{"line":36,"column":0},"end":{"line":36,"column":1}},"36":{"start":{"line":37,"column":0},"end":{"line":37,"column":54}}},"s":{"0":1,"1":1,"2":1,"3":1,"4":1,"5":1,"6":1,"7":1,"8":1,"9":1,"10":1,"11":1,"12":1,"13":1,"14":0,"15":0,"16":1,"17":0,"18":0,"19":1,"20":2,"21":1,"22":1,"23":1,"24":1,"25":1,"26":1,"27":1,"28":1,"29":1,"30":1,"31":1,"32":1,"33":1,"34":2,"35":1,"36":1},"branchMap":{"0":{"type":"branch","line":1,"loc":{"start":{"line":1,"column":0},"end":{"line":37,"column":54}},"locations":[{"start":{"line":1,"column":0},"end":{"line":37,"column":54}}]},"1":{"type":"branch","line":1,"loc":{"start":{"line":1,"column":0},"end":{"line":37,"column":54}},"locations":[{"start":{"line":1,"column":0},"end":{"line":37,"column":54}}]},"2":{"type":"branch","line":6,"loc":{"start":{"line":6,"column":4},"end":{"line":9,"column":5}},"locations":[{"start":{"line":6,"column":4},"end":{"line":9,"column":5}}]},"3":{"type":"branch","line":10,"loc":{"start":{"line":10,"column":4},"end":{"line":13,"column":5}},"locations":[{"start":{"line":10,"column":4},"end":{"line":13,"column":5}}]},"4":{"type":"branch","line":20,"loc":{"start":{"line":20,"column":4},"end":{"line":35,"column":5}},"locations":[{"start":{"line":20,"column":4},"end":{"line":35,"column":5}}]},"5":{"type":"branch","line":21,"loc":{"start":{"line":21,"column":27},"end":{"line":34,"column":9}},"locations":[{"start":{"line":21,"column":27},"end":{"line":34,"column":9}}]}},"b":{"0":[1],"1":[1],"2":[1],"3":[1],"4":[2],"5":[1]},"fnMap":{"0":{"name":"Object.<anonymous>","decl":{"start":{"line":1,"column":0},"end":{"line":37,"column":54}},"loc":{"start":{"line":1,"column":0},"end":{"line":37,"column":54}},"line":1},"1":{"name":"create","decl":{"start":{"line":6,"column":4},"end":{"line":9,"column":5}},"loc":{"start":{"line":6,"column":4},"end":{"line":9,"column":5}},"line":6},"2":{"name":"update","decl":{"start":{"line":10,"column":4},"end":{"line":13,"column":5}},"loc":{"start":{"line":10,"column":4},"end":{"line":13,"column":5}},"line":10},"3":{"name":"delete","decl":{"start":{"line":14,"column":4},"end":{"line":16,"column":5}},"loc":{"start":{"line":14,"column":4},"end":{"line":16,"column":5}},"line":14},"4":{"name":"find","decl":{"start":{"line":17,"column":4},"end":{"line":19,"column":5}},"loc":{"start":{"line":17,"column":4},"end":{"line":19,"column":5}},"line":17},"5":{"name":"findOne","decl":{"start":{"line":20,"column":4},"end":{"line":35,"column":5}},"loc":{"start":{"line":20,"column":4},"end":{"line":35,"column":5}},"line":20}},"f":{"0":1,"1":1,"2":1,"3":0,"4":0,"5":2}}
,"/Users/sukritanand/catalog_service/dist/src/repository/product.repository.js": {"path":"/Users/sukritanand/catalog_service/dist/src/repository/product.repository.js","all":false,"statementMap":{"0":{"start":{"line":1,"column":0},"end":{"line":1,"column":13}},"1":{"start":{"line":2,"column":0},"end":{"line":2,"column":90}},"2":{"start":{"line":3,"column":0},"end":{"line":3,"column":112}},"3":{"start":{"line":4,"column":0},"end":{"line":4,"column":64}},"4":{"start":{"line":5,"column":0},"end":{"line":5,"column":99}},"5":{"start":{"line":6,"column":0},"end":{"line":6,"column":102}},"6":{"start":{"line":7,"column":0},"end":{"line":7,"column":118}},"7":{"start":{"line":8,"column":0},"end":{"line":8,"column":78}},"8":{"start":{"line":9,"column":0},"end":{"line":9,"column":7}},"9":{"start":{"line":10,"column":0},"end":{"line":10,"column":2}},"10":{"start":{"line":11,"column":0},"end":{"line":11,"column":72}},"11":{"start":{"line":12,"column":0},"end":{"line":12,"column":62}},"12":{"start":{"line":13,"column":0},"end":{"line":13,"column":2}},"13":{"start":{"line":14,"column":0},"end":{"line":14,"column":62}},"14":{"start":{"line":15,"column":0},"end":{"line":15,"column":35}},"15":{"start":{"line":16,"column":0},"end":{"line":16,"column":76}},"16":{"start":{"line":17,"column":0},"end":{"line":17,"column":25}},"17":{"start":{"line":18,"column":0},"end":{"line":18,"column":18}},"18":{"start":{"line":19,"column":0},"end":{"line":19,"column":61}},"19":{"start":{"line":20,"column":0},"end":{"line":20,"column":66}},"20":{"start":{"line":21,"column":0},"end":{"line":21,"column":24}},"21":{"start":{"line":22,"column":0},"end":{"line":22,"column":11}},"22":{"start":{"line":23,"column":0},"end":{"line":23,"column":5}},"23":{"start":{"line":24,"column":0},"end":{"line":24,"column":18}},"24":{"start":{"line":25,"column":0},"end":{"line":25,"column":61}},"25":{"start":{"line":26,"column":0},"end":{"line":26,"column":122}},"26":{"start":{"line":27,"column":0},"end":{"line":27,"column":24}},"27":{"start":{"line":28,"column":0},"end":{"line":28,"column":11}},"28":{"start":{"line":29,"column":0},"end":{"line":29,"column":5}},"29":{"start":{"line":30,"column":0},"end":{"line":30,"column":16}},"30":{"start":{"line":31,"column":0},"end":{"line":31,"column":61}},"31":{"start":{"line":32,"column":0},"end":{"line":32,"column":64}},"32":{"start":{"line":33,"column":0},"end":{"line":33,"column":43}},"33":{"start":{"line":34,"column":0},"end":{"line":34,"column":11}},"34":{"start":{"line":35,"column":0},"end":{"line":35,"column":5}},"35":{"start":{"line":36,"column":0},"end":{"line":36,"column":25}},"36":{"start":{"line":37,"column":0},"end":{"line":37,"column":61}},"37":{"start":{"line":38,"column":0},"end":{"line":38,"column":86}},"38":{"start":{"line":39,"column":0},"end":{"line":39,"column":28}},"39":{"start":{"line":40,"column":0},"end":{"line":40,"column":11}},"40":{"start":{"line":41,"column":0},"end":{"line":41,"column":5}},"41":{"start":{"line":42,"column":0},"end":{"line":42,"column":17}},"42":{"start":{"line":43,"column":0},"end":{"line":43,"column":61}},"43":{"start":{"line":44,"column":0},"end":{"line":44,"column":79}},"44":{"start":{"line":45,"column":0},"end":{"line":45,"column":27}},"45":{"start":{"line":46,"column":0},"end":{"line":46,"column":11}},"46":{"start":{"line":47,"column":0},"end":{"line":47,"column":5}},"47":{"start":{"line":48,"column":0},"end":{"line":48,"column":1}},"48":{"start":{"line":49,"column":0},"end":{"line":49,"column":46}}},"s":{"0":1,"1":1,"2":0,"3":0,"4":0,"5":0,"6":0,"7":0,"8":0,"9":1,"10":1,"11":1,"12":1,"13":1,"14":1,"15":1,"16":1,"17":1,"18":0,"19":0,"20":0,"21":0,"22":0,"23":1,"24":0,"25":0,"26":0,"27":0,"28":0,"29":1,"30":0,"31":0,"32":0,"33":0,"34":0,"35":1,"36":0,"37":0,"38":0,"39":0,"40":0,"41":1,"42":0,"43":0,"44":0,"45":0,"46":0,"47":1,"48":1},"branchMap":{"0":{"type":"branch","line":1,"loc":{"start":{"line":1,"column":0},"end":{"line":49,"column":46}},"locations":[{"start":{"line":1,"column":0},"end":{"line":49,"column":46}}]},"1":{"type":"branch","line":1,"loc":{"start":{"line":1,"column":0},"end":{"line":49,"column":46}},"locations":[{"start":{"line":1,"column":0},"end":{"line":49,"column":46}}]},"2":{"type":"branch","line":11,"loc":{"start":{"line":11,"column":56},"end":{"line":13,"column":1}},"locations":[{"start":{"line":11,"column":56},"end":{"line":13,"column":1}}]},"3":{"type":"branch","line":12,"loc":{"start":{"line":12,"column":41},"end":{"line":12,"column":61}},"locations":[{"start":{"line":12,"column":41},"end":{"line":12,"column":61}}]}},"b":{"0":[1],"1":[1],"2":[1],"3":[0]},"fnMap":{"0":{"name":"Object.<anonymous>","decl":{"start":{"line":1,"column":0},"end":{"line":49,"column":46}},"loc":{"start":{"line":1,"column":0},"end":{"line":49,"column":46}},"line":1},"1":{"name":"Object.<anonymous>.__awaiter","decl":{"start":{"line":2,"column":44},"end":{"line":10,"column":1}},"loc":{"start":{"line":2,"column":44},"end":{"line":10,"column":1}},"line":2},"2":{"name":"Object.<anonymous>.__importDefault","decl":{"start":{"line":11,"column":56},"end":{"line":13,"column":1}},"loc":{"start":{"line":11,"column":56},"end":{"line":13,"column":1}},"line":11},"3":{"name":"create","decl":{"start":{"line":18,"column":4},"end":{"line":23,"column":5}},"loc":{"start":{"line":18,"column":4},"end":{"line":23,"column":5}},"line":18},"4":{"name":"update","decl":{"start":{"line":24,"column":4},"end":{"line":29,"column":5}},"loc":{"start":{"line":24,"column":4},"end":{"line":29,"column":5}},"line":24},"5":{"name":"delete","decl":{"start":{"line":30,"column":4},"end":{"line":35,"column":5}},"loc":{"start":{"line":30,"column":4},"end":{"line":35,"column":5}},"line":30},"6":{"name":"find","decl":{"start":{"line":36,"column":4},"end":{"line":41,"column":5}},"loc":{"start":{"line":36,"column":4},"end":{"line":41,"column":5}},"line":36},"7":{"name":"findOne","decl":{"start":{"line":42,"column":4},"end":{"line":47,"column":5}},"loc":{"start":{"line":42,"column":4},"end":{"line":47,"column":5}},"line":42}},"f":{"0":1,"1":0,"2":1,"3":0,"4":0,"5":0,"6":0,"7":0}}
,"/Users/sukritanand/catalog_service/dist/src/routes/product.routes.js": {"path":"/Users/sukritanand/catalog_service/dist/src/routes/product.routes.js","all":false,"statementMap":{"0":{"start":{"line":1,"column":0},"end":{"line":1,"column":13}},"1":{"start":{"line":2,"column":0},"end":{"line":2,"column":90}},"2":{"start":{"line":3,"column":0},"end":{"line":3,"column":112}},"3":{"start":{"line":4,"column":0},"end":{"line":4,"column":64}},"4":{"start":{"line":5,"column":0},"end":{"line":5,"column":99}},"5":{"start":{"line":6,"column":0},"end":{"line":6,"column":102}},"6":{"start":{"line":7,"column":0},"end":{"line":7,"column":118}},"7":{"start":{"line":8,"column":0},"end":{"line":8,"column":78}},"8":{"start":{"line":9,"column":0},"end":{"line":9,"column":7}},"9":{"start":{"line":10,"column":0},"end":{"line":10,"column":2}},"10":{"start":{"line":11,"column":0},"end":{"line":11,"column":72}},"11":{"start":{"line":12,"column":0},"end":{"line":12,"column":62}},"12":{"start":{"line":13,"column":0},"end":{"line":13,"column":2}},"13":{"start":{"line":14,"column":0},"end":{"line":14,"column":62}},"14":{"start":{"line":15,"column":0},"end":{"line":15,"column":32}},"15":{"start":{"line":16,"column":0},"end":{"line":16,"column":54}},"16":{"start":{"line":17,"column":0},"end":{"line":17,"column":64}},"17":{"start":{"line":18,"column":0},"end":{"line":18,"column":73}},"18":{"start":{"line":19,"column":0},"end":{"line":19,"column":71}},"19":{"start":{"line":20,"column":0},"end":{"line":20,"column":52}},"20":{"start":{"line":21,"column":0},"end":{"line":21,"column":42}},"21":{"start":{"line":22,"column":0},"end":{"line":22,"column":108}},"22":{"start":{"line":23,"column":0},"end":{"line":23,"column":12}},"23":{"start":{"line":24,"column":0},"end":{"line":24,"column":92}},"24":{"start":{"line":25,"column":0},"end":{"line":25,"column":9}},"25":{"start":{"line":26,"column":0},"end":{"line":26,"column":128}},"26":{"start":{"line":27,"column":0},"end":{"line":27,"column":19}},"27":{"start":{"line":28,"column":0},"end":{"line":28,"column":48}},"28":{"start":{"line":29,"column":0},"end":{"line":29,"column":71}},"29":{"start":{"line":30,"column":0},"end":{"line":30,"column":42}},"30":{"start":{"line":31,"column":0},"end":{"line":31,"column":5}},"31":{"start":{"line":32,"column":0},"end":{"line":32,"column":19}},"32":{"start":{"line":33,"column":0},"end":{"line":33,"column":27}},"33":{"start":{"line":34,"column":0},"end":{"line":34,"column":26}},"34":{"start":{"line":35,"column":0},"end":{"line":35,"column":49}},"35":{"start":{"line":36,"column":0},"end":{"line":36,"column":5}},"36":{"start":{"line":37,"column":0},"end":{"line":37,"column":4}},"37":{"start":{"line":38,"column":0},"end":{"line":38,"column":97}},"38":{"start":{"line":39,"column":0},"end":{"line":39,"column":9}},"39":{"start":{"line":40,"column":0},"end":{"line":40,"column":128}},"40":{"start":{"line":41,"column":0},"end":{"line":41,"column":33}},"41":{"start":{"line":42,"column":0},"end":{"line":42,"column":19}},"42":{"start":{"line":43,"column":0},"end":{"line":43,"column":48}},"43":{"start":{"line":44,"column":0},"end":{"line":44,"column":94}},"44":{"start":{"line":45,"column":0},"end":{"line":45,"column":42}},"45":{"start":{"line":46,"column":0},"end":{"line":46,"column":5}},"46":{"start":{"line":47,"column":0},"end":{"line":47,"column":19}},"47":{"start":{"line":48,"column":0},"end":{"line":48,"column":26}},"48":{"start":{"line":49,"column":0},"end":{"line":49,"column":49}},"49":{"start":{"line":50,"column":0},"end":{"line":50,"column":5}},"50":{"start":{"line":51,"column":0},"end":{"line":51,"column":4}},"51":{"start":{"line":52,"column":0},"end":{"line":52,"column":92}},"52":{"start":{"line":53,"column":0},"end":{"line":53,"column":45}},"53":{"start":{"line":54,"column":0},"end":{"line":54,"column":47}},"54":{"start":{"line":55,"column":0},"end":{"line":55,"column":9}},"55":{"start":{"line":56,"column":0},"end":{"line":56,"column":79}},"56":{"start":{"line":57,"column":0},"end":{"line":57,"column":42}},"57":{"start":{"line":58,"column":0},"end":{"line":58,"column":5}},"58":{"start":{"line":59,"column":0},"end":{"line":59,"column":19}},"59":{"start":{"line":60,"column":0},"end":{"line":60,"column":26}},"60":{"start":{"line":61,"column":0},"end":{"line":61,"column":49}},"61":{"start":{"line":62,"column":0},"end":{"line":62,"column":5}},"62":{"start":{"line":63,"column":0},"end":{"line":63,"column":4}},"63":{"start":{"line":64,"column":0},"end":{"line":64,"column":96}},"64":{"start":{"line":65,"column":0},"end":{"line":65,"column":29}},"65":{"start":{"line":66,"column":0},"end":{"line":66,"column":9}},"66":{"start":{"line":67,"column":0},"end":{"line":67,"column":65}},"67":{"start":{"line":68,"column":0},"end":{"line":68,"column":42}},"68":{"start":{"line":69,"column":0},"end":{"line":69,"column":5}},"69":{"start":{"line":70,"column":0},"end":{"line":70,"column":19}},"70":{"start":{"line":71,"column":0},"end":{"line":71,"column":26}},"71":{"start":{"line":72,"column":0},"end":{"line":72,"column":49}},"72":{"start":{"line":73,"column":0},"end":{"line":73,"column":5}},"73":{"start":{"line":74,"column":0},"end":{"line":74,"column":4}},"74":{"start":{"line":75,"column":0},"end":{"line":75,"column":99}},"75":{"start":{"line":76,"column":0},"end":{"line":76,"column":29}},"76":{"start":{"line":77,"column":0},"end":{"line":77,"column":9}},"77":{"start":{"line":78,"column":0},"end":{"line":78,"column":68}},"78":{"start":{"line":79,"column":0},"end":{"line":79,"column":42}},"79":{"start":{"line":80,"column":0},"end":{"line":80,"column":5}},"80":{"start":{"line":81,"column":0},"end":{"line":81,"column":19}},"81":{"start":{"line":82,"column":0},"end":{"line":82,"column":26}},"82":{"start":{"line":83,"column":0},"end":{"line":83,"column":49}},"83":{"start":{"line":84,"column":0},"end":{"line":84,"column":5}},"84":{"start":{"line":85,"column":0},"end":{"line":85,"column":4}},"85":{"start":{"line":86,"column":0},"end":{"line":86,"column":25}}},"s":{"0":1,"1":1,"2":9,"3":9,"4":9,"5":9,"6":9,"7":9,"8":9,"9":1,"10":1,"11":1,"12":1,"13":1,"14":1,"15":1,"16":1,"17":1,"18":1,"19":1,"20":1,"21":1,"22":1,"23":1,"24":3,"25":3,"26":3,"27":3,"28":2,"29":1,"30":1,"31":1,"32":1,"33":1,"34":1,"35":1,"36":1,"37":1,"38":3,"39":3,"40":3,"41":3,"42":3,"43":2,"44":1,"45":1,"46":1,"47":1,"48":1,"49":1,"50":1,"51":1,"52":1,"53":1,"54":1,"55":1,"56":1,"57":1,"58":1,"59":0,"60":0,"61":0,"62":1,"63":1,"64":1,"65":1,"66":1,"67":1,"68":1,"69":1,"70":0,"71":0,"72":0,"73":1,"74":1,"75":1,"76":1,"77":1,"78":1,"79":1,"80":1,"81":0,"82":0,"83":0,"84":1,"85":1},"branchMap":{"0":{"type":"branch","line":1,"loc":{"start":{"line":1,"column":0},"end":{"line":86,"column":25}},"locations":[{"start":{"line":1,"column":0},"end":{"line":86,"column":25}}]},"1":{"type":"branch","line":1,"loc":{"start":{"line":1,"column":0},"end":{"line":86,"column":25}},"locations":[{"start":{"line":1,"column":0},"end":{"line":86,"column":25}}]},"2":{"type":"branch","line":2,"loc":{"start":{"line":2,"column":44},"end":{"line":10,"column":1}},"locations":[{"start":{"line":2,"column":44},"end":{"line":10,"column":1}}]},"3":{"type":"branch","line":3,"loc":{"start":{"line":3,"column":4},"end":{"line":3,"column":112}},"locations":[{"start":{"line":3,"column":4},"end":{"line":3,"column":112}}]},"4":{"type":"branch","line":3,"loc":{"start":{"line":3,"column":62},"end":{"line":3,"column":109}},"locations":[{"start":{"line":3,"column":62},"end":{"line":3,"column":109}}]},"5":{"type":"branch","line":4,"loc":{"start":{"line":4,"column":36},"end":{"line":9,"column":5}},"locations":[{"start":{"line":4,"column":36},"end":{"line":9,"column":5}}]},"6":{"type":"branch","line":5,"loc":{"start":{"line":5,"column":8},"end":{"line":5,"column":99}},"locations":[{"start":{"line":5,"column":8},"end":{"line":5,"column":99}}]},"7":{"type":"branch","line":5,"loc":{"start":{"line":5,"column":73},"end":{"line":5,"column":97}},"locations":[{"start":{"line":5,"column":73},"end":{"line":5,"column":97}}]},"8":{"type":"branch","line":6,"loc":{"start":{"line":6,"column":8},"end":{"line":6,"column":102}},"locations":[{"start":{"line":6,"column":8},"end":{"line":6,"column":102}}]},"9":{"type":"branch","line":6,"loc":{"start":{"line":6,"column":76},"end":{"line":6,"column":100}},"locations":[{"start":{"line":6,"column":76},"end":{"line":6,"column":100}}]},"10":{"type":"branch","line":7,"loc":{"start":{"line":7,"column":8},"end":{"line":7,"column":118}},"locations":[{"start":{"line":7,"column":8},"end":{"line":7,"column":118}}]},"11":{"type":"branch","line":7,"loc":{"start":{"line":7,"column":44},"end":{"line":7,"column":67}},"locations":[{"start":{"line":7,"column":44},"end":{"line":7,"column":67}}]},"12":{"type":"branch","line":7,"loc":{"start":{"line":7,"column":68},"end":{"line":7,"column":115}},"locations":[{"start":{"line":7,"column":68},"end":{"line":7,"column":115}}]},"13":{"type":"branch","line":11,"loc":{"start":{"line":11,"column":56},"end":{"line":13,"column":1}},"locations":[{"start":{"line":11,"column":56},"end":{"line":13,"column":1}}]},"14":{"type":"branch","line":12,"loc":{"start":{"line":12,"column":35},"end":{"line":12,"column":40}},"locations":[{"start":{"line":12,"column":35},"end":{"line":12,"column":40}}]},"15":{"type":"branch","line":24,"loc":{"start":{"line":24,"column":24},"end":{"line":37,"column":2}},"locations":[{"start":{"line":24,"column":24},"end":{"line":37,"column":2}}]},"16":{"type":"branch","line":24,"loc":{"start":{"line":24,"column":78},"end":{"line":37,"column":1}},"locations":[{"start":{"line":24,"column":78},"end":{"line":37,"column":1}}]},"17":{"type":"branch","line":28,"loc":{"start":{"line":28,"column":12},"end":{"line":28,"column":48}},"locations":[{"start":{"line":28,"column":12},"end":{"line":28,"column":48}}]},"18":{"type":"branch","line":29,"loc":{"start":{"line":29,"column":-1},"end":{"line":29,"column":71}},"locations":[{"start":{"line":29,"column":-1},"end":{"line":29,"column":71}}]},"19":{"type":"branch","line":30,"loc":{"start":{"line":30,"column":-1},"end":{"line":36,"column":5}},"locations":[{"start":{"line":30,"column":-1},"end":{"line":36,"column":5}}]},"20":{"type":"branch","line":38,"loc":{"start":{"line":38,"column":29},"end":{"line":51,"column":2}},"locations":[{"start":{"line":38,"column":29},"end":{"line":51,"column":2}}]},"21":{"type":"branch","line":38,"loc":{"start":{"line":38,"column":83},"end":{"line":51,"column":1}},"locations":[{"start":{"line":38,"column":83},"end":{"line":51,"column":1}}]},"22":{"type":"branch","line":43,"loc":{"start":{"line":43,"column":12},"end":{"line":43,"column":48}},"locations":[{"start":{"line":43,"column":12},"end":{"line":43,"column":48}}]},"23":{"type":"branch","line":44,"loc":{"start":{"line":44,"column":-1},"end":{"line":44,"column":94}},"locations":[{"start":{"line":44,"column":-1},"end":{"line":44,"column":94}}]},"24":{"type":"branch","line":45,"loc":{"start":{"line":45,"column":-1},"end":{"line":50,"column":5}},"locations":[{"start":{"line":45,"column":-1},"end":{"line":50,"column":5}}]},"25":{"type":"branch","line":52,"loc":{"start":{"line":52,"column":24},"end":{"line":63,"column":2}},"locations":[{"start":{"line":52,"column":24},"end":{"line":63,"column":2}}]},"26":{"type":"branch","line":52,"loc":{"start":{"line":52,"column":78},"end":{"line":63,"column":1}},"locations":[{"start":{"line":52,"column":78},"end":{"line":63,"column":1}}]},"27":{"type":"branch","line":59,"loc":{"start":{"line":59,"column":4},"end":{"line":62,"column":5}},"locations":[{"start":{"line":59,"column":4},"end":{"line":62,"column":5}}]},"28":{"type":"branch","line":64,"loc":{"start":{"line":64,"column":28},"end":{"line":74,"column":2}},"locations":[{"start":{"line":64,"column":28},"end":{"line":74,"column":2}}]},"29":{"type":"branch","line":64,"loc":{"start":{"line":64,"column":82},"end":{"line":74,"column":1}},"locations":[{"start":{"line":64,"column":82},"end":{"line":74,"column":1}}]},"30":{"type":"branch","line":70,"loc":{"start":{"line":70,"column":4},"end":{"line":73,"column":5}},"locations":[{"start":{"line":70,"column":4},"end":{"line":73,"column":5}}]},"31":{"type":"branch","line":75,"loc":{"start":{"line":75,"column":31},"end":{"line":85,"column":2}},"locations":[{"start":{"line":75,"column":31},"end":{"line":85,"column":2}}]},"32":{"type":"branch","line":75,"loc":{"start":{"line":75,"column":85},"end":{"line":85,"column":1}},"locations":[{"start":{"line":75,"column":85},"end":{"line":85,"column":1}}]},"33":{"type":"branch","line":81,"loc":{"start":{"line":81,"column":4},"end":{"line":84,"column":5}},"locations":[{"start":{"line":81,"column":4},"end":{"line":84,"column":5}}]}},"b":{"0":[1],"1":[1],"2":[9],"3":[13],"4":[0],"5":[9],"6":[11],"7":[0],"8":[2],"9":[0],"10":[22],"11":[9],"12":[13],"13":[1],"14":[0],"15":[3],"16":[3],"17":[1],"18":[2],"19":[1],"20":[3],"21":[3],"22":[1],"23":[2],"24":[1],"25":[1],"26":[1],"27":[0],"28":[1],"29":[1],"30":[0],"31":[1],"32":[1],"33":[0]},"fnMap":{"0":{"name":"Object.<anonymous>","decl":{"start":{"line":1,"column":0},"end":{"line":86,"column":25}},"loc":{"start":{"line":1,"column":0},"end":{"line":86,"column":25}},"line":1},"1":{"name":"Object.<anonymous>.__awaiter","decl":{"start":{"line":2,"column":44},"end":{"line":10,"column":1}},"loc":{"start":{"line":2,"column":44},"end":{"line":10,"column":1}},"line":2},"2":{"name":"adopt","decl":{"start":{"line":3,"column":4},"end":{"line":3,"column":112}},"loc":{"start":{"line":3,"column":4},"end":{"line":3,"column":112}},"line":3},"3":{"name":"fulfilled","decl":{"start":{"line":5,"column":8},"end":{"line":5,"column":99}},"loc":{"start":{"line":5,"column":8},"end":{"line":5,"column":99}},"line":5},"4":{"name":"rejected","decl":{"start":{"line":6,"column":8},"end":{"line":6,"column":102}},"loc":{"start":{"line":6,"column":8},"end":{"line":6,"column":102}},"line":6},"5":{"name":"step","decl":{"start":{"line":7,"column":8},"end":{"line":7,"column":118}},"loc":{"start":{"line":7,"column":8},"end":{"line":7,"column":118}},"line":7},"6":{"name":"Object.<anonymous>.__importDefault","decl":{"start":{"line":11,"column":56},"end":{"line":13,"column":1}},"loc":{"start":{"line":11,"column":56},"end":{"line":13,"column":1}},"line":11}},"f":{"0":1,"1":9,"2":13,"3":11,"4":2,"5":22,"6":1}}
,"/Users/sukritanand/catalog_service/dist/src/service/product.service.js": {"path":"/Users/sukritanand/catalog_service/dist/src/service/product.service.js","all":false,"statementMap":{"0":{"start":{"line":1,"column":0},"end":{"line":1,"column":13}},"1":{"start":{"line":2,"column":0},"end":{"line":2,"column":90}},"2":{"start":{"line":3,"column":0},"end":{"line":3,"column":112}},"3":{"start":{"line":4,"column":0},"end":{"line":4,"column":64}},"4":{"start":{"line":5,"column":0},"end":{"line":5,"column":99}},"5":{"start":{"line":6,"column":0},"end":{"line":6,"column":102}},"6":{"start":{"line":7,"column":0},"end":{"line":7,"column":118}},"7":{"start":{"line":8,"column":0},"end":{"line":8,"column":78}},"8":{"start":{"line":9,"column":0},"end":{"line":9,"column":7}},"9":{"start":{"line":10,"column":0},"end":{"line":10,"column":2}},"10":{"start":{"line":11,"column":0},"end":{"line":11,"column":62}},"11":{"start":{"line":12,"column":0},"end":{"line":12,"column":32}},"12":{"start":{"line":13,"column":0},"end":{"line":13,"column":22}},"13":{"start":{"line":14,"column":0},"end":{"line":14,"column":29}},"14":{"start":{"line":15,"column":0},"end":{"line":15,"column":32}},"15":{"start":{"line":16,"column":0},"end":{"line":16,"column":5}},"16":{"start":{"line":17,"column":0},"end":{"line":17,"column":26}},"17":{"start":{"line":18,"column":0},"end":{"line":18,"column":61}},"18":{"start":{"line":19,"column":0},"end":{"line":19,"column":52}},"19":{"start":{"line":20,"column":0},"end":{"line":20,"column":35}},"20":{"start":{"line":21,"column":0},"end":{"line":21,"column":52}},"21":{"start":{"line":22,"column":0},"end":{"line":22,"column":13}},"22":{"start":{"line":23,"column":0},"end":{"line":23,"column":56}},"23":{"start":{"line":24,"column":0},"end":{"line":24,"column":27}},"24":{"start":{"line":25,"column":0},"end":{"line":25,"column":60}},"25":{"start":{"line":26,"column":0},"end":{"line":26,"column":13}},"26":{"start":{"line":27,"column":0},"end":{"line":27,"column":24}},"27":{"start":{"line":28,"column":0},"end":{"line":28,"column":11}},"28":{"start":{"line":29,"column":0},"end":{"line":29,"column":5}},"29":{"start":{"line":30,"column":0},"end":{"line":30,"column":26}},"30":{"start":{"line":31,"column":0},"end":{"line":31,"column":61}},"31":{"start":{"line":32,"column":0},"end":{"line":32,"column":28}},"32":{"start":{"line":33,"column":0},"end":{"line":33,"column":57}},"33":{"start":{"line":34,"column":0},"end":{"line":34,"column":13}},"34":{"start":{"line":35,"column":0},"end":{"line":35,"column":69}},"35":{"start":{"line":36,"column":0},"end":{"line":36,"column":38}},"36":{"start":{"line":37,"column":0},"end":{"line":37,"column":58}},"37":{"start":{"line":38,"column":0},"end":{"line":38,"column":13}},"38":{"start":{"line":39,"column":0},"end":{"line":39,"column":56}},"39":{"start":{"line":40,"column":0},"end":{"line":40,"column":27}},"40":{"start":{"line":41,"column":0},"end":{"line":41,"column":60}},"41":{"start":{"line":42,"column":0},"end":{"line":42,"column":13}},"42":{"start":{"line":43,"column":0},"end":{"line":43,"column":24}},"43":{"start":{"line":44,"column":0},"end":{"line":44,"column":11}},"44":{"start":{"line":45,"column":0},"end":{"line":45,"column":5}},"45":{"start":{"line":46,"column":0},"end":{"line":46,"column":34}},"46":{"start":{"line":47,"column":0},"end":{"line":47,"column":61}},"47":{"start":{"line":48,"column":0},"end":{"line":48,"column":64}},"48":{"start":{"line":49,"column":0},"end":{"line":49,"column":28}},"49":{"start":{"line":50,"column":0},"end":{"line":50,"column":11}},"50":{"start":{"line":51,"column":0},"end":{"line":51,"column":5}},"51":{"start":{"line":52,"column":0},"end":{"line":52,"column":20}},"52":{"start":{"line":53,"column":0},"end":{"line":53,"column":61}},"53":{"start":{"line":54,"column":0},"end":{"line":54,"column":55}},"54":{"start":{"line":55,"column":0},"end":{"line":55,"column":27}},"55":{"start":{"line":56,"column":0},"end":{"line":56,"column":11}},"56":{"start":{"line":57,"column":0},"end":{"line":57,"column":5}},"57":{"start":{"line":58,"column":0},"end":{"line":58,"column":23}},"58":{"start":{"line":59,"column":0},"end":{"line":59,"column":61}},"59":{"start":{"line":60,"column":0},"end":{"line":60,"column":55}},"60":{"start":{"line":61,"column":0},"end":{"line":61,"column":28}},"61":{"start":{"line":62,"column":0},"end":{"line":62,"column":11}},"62":{"start":{"line":63,"column":0},"end":{"line":63,"column":5}},"63":{"start":{"line":64,"column":0},"end":{"line":64,"column":1}},"64":{"start":{"line":65,"column":0},"end":{"line":65,"column":40}}},"s":{"0":2,"1":2,"2":9,"3":9,"4":9,"5":9,"6":9,"7":9,"8":9,"9":2,"10":2,"11":2,"12":2,"13":2,"14":10,"15":10,"16":2,"17":4,"18":4,"19":4,"20":1,"21":1,"22":3,"23":4,"24":1,"25":1,"26":1,"27":4,"28":4,"29":2,"30":2,"31":2,"32":0,"33":0,"34":2,"35":2,"36":1,"37":1,"38":1,"39":2,"40":0,"41":0,"42":1,"43":2,"44":2,"45":2,"46":1,"47":1,"48":1,"49":1,"50":1,"51":2,"52":1,"53":1,"54":1,"55":1,"56":1,"57":2,"58":1,"59":1,"60":1,"61":1,"62":1,"63":2,"64":2},"branchMap":{"0":{"type":"branch","line":1,"loc":{"start":{"line":1,"column":0},"end":{"line":65,"column":40}},"locations":[{"start":{"line":1,"column":0},"end":{"line":65,"column":40}}]},"1":{"type":"branch","line":1,"loc":{"start":{"line":1,"column":0},"end":{"line":65,"column":40}},"locations":[{"start":{"line":1,"column":0},"end":{"line":65,"column":40}}]},"2":{"type":"branch","line":2,"loc":{"start":{"line":2,"column":44},"end":{"line":10,"column":1}},"locations":[{"start":{"line":2,"column":44},"end":{"line":10,"column":1}}]},"3":{"type":"branch","line":3,"loc":{"start":{"line":3,"column":4},"end":{"line":3,"column":112}},"locations":[{"start":{"line":3,"column":4},"end":{"line":3,"column":112}}]},"4":{"type":"branch","line":3,"loc":{"start":{"line":3,"column":62},"end":{"line":3,"column":109}},"locations":[{"start":{"line":3,"column":62},"end":{"line":3,"column":109}}]},"5":{"type":"branch","line":4,"loc":{"start":{"line":4,"column":36},"end":{"line":9,"column":5}},"locations":[{"start":{"line":4,"column":36},"end":{"line":9,"column":5}}]},"6":{"type":"branch","line":5,"loc":{"start":{"line":5,"column":8},"end":{"line":5,"column":99}},"locations":[{"start":{"line":5,"column":8},"end":{"line":5,"column":99}}]},"7":{"type":"branch","line":5,"loc":{"start":{"line":5,"column":73},"end":{"line":5,"column":97}},"locations":[{"start":{"line":5,"column":73},"end":{"line":5,"column":97}}]},"8":{"type":"branch","line":6,"loc":{"start":{"line":6,"column":8},"end":{"line":6,"column":102}},"locations":[{"start":{"line":6,"column":8},"end":{"line":6,"column":102}}]},"9":{"type":"branch","line":7,"loc":{"start":{"line":7,"column":8},"end":{"line":7,"column":118}},"locations":[{"start":{"line":7,"column":8},"end":{"line":7,"column":118}}]},"10":{"type":"branch","line":7,"loc":{"start":{"line":7,"column":44},"end":{"line":7,"column":67}},"locations":[{"start":{"line":7,"column":44},"end":{"line":7,"column":67}}]},"11":{"type":"branch","line":7,"loc":{"start":{"line":7,"column":68},"end":{"line":7,"column":115}},"locations":[{"start":{"line":7,"column":68},"end":{"line":7,"column":115}}]},"12":{"type":"branch","line":14,"loc":{"start":{"line":14,"column":4},"end":{"line":16,"column":5}},"locations":[{"start":{"line":14,"column":4},"end":{"line":16,"column":5}}]},"13":{"type":"branch","line":17,"loc":{"start":{"line":17,"column":4},"end":{"line":29,"column":5}},"locations":[{"start":{"line":17,"column":4},"end":{"line":29,"column":5}}]},"14":{"type":"branch","line":18,"loc":{"start":{"line":18,"column":47},"end":{"line":28,"column":9}},"locations":[{"start":{"line":18,"column":47},"end":{"line":28,"column":9}}]},"15":{"type":"branch","line":20,"loc":{"start":{"line":20,"column":34},"end":{"line":22,"column":13}},"locations":[{"start":{"line":20,"column":34},"end":{"line":22,"column":13}}]},"16":{"type":"branch","line":23,"loc":{"start":{"line":23,"column":-1},"end":{"line":23,"column":56}},"locations":[{"start":{"line":23,"column":-1},"end":{"line":23,"column":56}}]},"17":{"type":"branch","line":24,"loc":{"start":{"line":24,"column":-1},"end":{"line":24,"column":26}},"locations":[{"start":{"line":24,"column":-1},"end":{"line":24,"column":26}}]},"18":{"type":"branch","line":24,"loc":{"start":{"line":24,"column":26},"end":{"line":28,"column":8}},"locations":[{"start":{"line":24,"column":26},"end":{"line":28,"column":8}}]},"19":{"type":"branch","line":30,"loc":{"start":{"line":30,"column":4},"end":{"line":45,"column":5}},"locations":[{"start":{"line":30,"column":4},"end":{"line":45,"column":5}}]},"20":{"type":"branch","line":31,"loc":{"start":{"line":31,"column":47},"end":{"line":44,"column":9}},"locations":[{"start":{"line":31,"column":47},"end":{"line":44,"column":9}}]},"21":{"type":"branch","line":32,"loc":{"start":{"line":32,"column":27},"end":{"line":34,"column":13}},"locations":[{"start":{"line":32,"column":27},"end":{"line":34,"column":13}}]},"22":{"type":"branch","line":36,"loc":{"start":{"line":36,"column":37},"end":{"line":40,"column":26}},"locations":[{"start":{"line":36,"column":37},"end":{"line":40,"column":26}}]},"23":{"type":"branch","line":40,"loc":{"start":{"line":40,"column":26},"end":{"line":42,"column":13}},"locations":[{"start":{"line":40,"column":26},"end":{"line":42,"column":13}}]},"24":{"type":"branch","line":43,"loc":{"start":{"line":43,"column":-1},"end":{"line":44,"column":8}},"locations":[{"start":{"line":43,"column":-1},"end":{"line":44,"column":8}}]},"25":{"type":"branch","line":46,"loc":{"start":{"line":46,"column":4},"end":{"line":51,"column":5}},"locations":[{"start":{"line":46,"column":4},"end":{"line":51,"column":5}}]},"26":{"type":"branch","line":47,"loc":{"start":{"line":47,"column":47},"end":{"line":50,"column":9}},"locations":[{"start":{"line":47,"column":47},"end":{"line":50,"column":9}}]},"27":{"type":"branch","line":52,"loc":{"start":{"line":52,"column":4},"end":{"line":57,"column":5}},"locations":[{"start":{"line":52,"column":4},"end":{"line":57,"column":5}}]},"28":{"type":"branch","line":53,"loc":{"start":{"line":53,"column":47},"end":{"line":56,"column":9}},"locations":[{"start":{"line":53,"column":47},"end":{"line":56,"column":9}}]},"29":{"type":"branch","line":58,"loc":{"start":{"line":58,"column":4},"end":{"line":63,"column":5}},"locations":[{"start":{"line":58,"column":4},"end":{"line":63,"column":5}}]},"30":{"type":"branch","line":59,"loc":{"start":{"line":59,"column":47},"end":{"line":62,"column":9}},"locations":[{"start":{"line":59,"column":47},"end":{"line":62,"column":9}}]}},"b":{"0":[2],"1":[2],"2":[9],"3":[9],"4":[0],"5":[9],"6":[8],"7":[2],"8":[1],"9":[14],"10":[5],"11":[9],"12":[10],"13":[4],"14":[4],"15":[1],"16":[3],"17":[2],"18":[1],"19":[2],"20":[2],"21":[0],"22":[1],"23":[0],"24":[1],"25":[1],"26":[1],"27":[1],"28":[1],"29":[1],"30":[1]},"fnMap":{"0":{"name":"Object.<anonymous>","decl":{"start":{"line":1,"column":0},"end":{"line":65,"column":40}},"loc":{"start":{"line":1,"column":0},"end":{"line":65,"column":40}},"line":1},"1":{"name":"Object.<anonymous>.__awaiter","decl":{"start":{"line":2,"column":44},"end":{"line":10,"column":1}},"loc":{"start":{"line":2,"column":44},"end":{"line":10,"column":1}},"line":2},"2":{"name":"adopt","decl":{"start":{"line":3,"column":4},"end":{"line":3,"column":112}},"loc":{"start":{"line":3,"column":4},"end":{"line":3,"column":112}},"line":3},"3":{"name":"fulfilled","decl":{"start":{"line":5,"column":8},"end":{"line":5,"column":99}},"loc":{"start":{"line":5,"column":8},"end":{"line":5,"column":99}},"line":5},"4":{"name":"rejected","decl":{"start":{"line":6,"column":8},"end":{"line":6,"column":102}},"loc":{"start":{"line":6,"column":8},"end":{"line":6,"column":102}},"line":6},"5":{"name":"step","decl":{"start":{"line":7,"column":8},"end":{"line":7,"column":118}},"loc":{"start":{"line":7,"column":8},"end":{"line":7,"column":118}},"line":7},"6":{"name":"ProductService","decl":{"start":{"line":14,"column":4},"end":{"line":16,"column":5}},"loc":{"start":{"line":14,"column":4},"end":{"line":16,"column":5}},"line":14},"7":{"name":"createProduct","decl":{"start":{"line":17,"column":4},"end":{"line":29,"column":5}},"loc":{"start":{"line":17,"column":4},"end":{"line":29,"column":5}},"line":17},"8":{"name":"updateProduct","decl":{"start":{"line":30,"column":4},"end":{"line":45,"column":5}},"loc":{"start":{"line":30,"column":4},"end":{"line":45,"column":5}},"line":30},"9":{"name":"fetchProducts","decl":{"start":{"line":46,"column":4},"end":{"line":51,"column":5}},"loc":{"start":{"line":46,"column":4},"end":{"line":51,"column":5}},"line":46},"10":{"name":"getProduct","decl":{"start":{"line":52,"column":4},"end":{"line":57,"column":5}},"loc":{"start":{"line":52,"column":4},"end":{"line":57,"column":5}},"line":52},"11":{"name":"deleteProduct","decl":{"start":{"line":58,"column":4},"end":{"line":63,"column":5}},"loc":{"start":{"line":58,"column":4},"end":{"line":63,"column":5}},"line":58}},"f":{"0":2,"1":9,"2":9,"3":8,"4":1,"5":14,"6":10,"7":4,"8":2,"9":1,"10":1,"11":1}}
,"/Users/sukritanand/catalog_service/dist/src/validators/requestValidators.js": {"path":"/Users/sukritanand/catalog_service/dist/src/validators/requestValidators.js","all":false,"statementMap":{"0":{"start":{"line":1,"column":0},"end":{"line":1,"column":13}},"1":{"start":{"line":2,"column":0},"end":{"line":2,"column":90}},"2":{"start":{"line":3,"column":0},"end":{"line":3,"column":112}},"3":{"start":{"line":4,"column":0},"end":{"line":4,"column":64}},"4":{"start":{"line":5,"column":0},"end":{"line":5,"column":99}},"5":{"start":{"line":6,"column":0},"end":{"line":6,"column":102}},"6":{"start":{"line":7,"column":0},"end":{"line":7,"column":118}},"7":{"start":{"line":8,"column":0},"end":{"line":8,"column":78}},"8":{"start":{"line":9,"column":0},"end":{"line":9,"column":7}},"9":{"start":{"line":10,"column":0},"end":{"line":10,"column":2}},"10":{"start":{"line":11,"column":0},"end":{"line":11,"column":62}},"11":{"start":{"line":12,"column":0},"end":{"line":12,"column":34}},"12":{"start":{"line":13,"column":0},"end":{"line":13,"column":57}},"13":{"start":{"line":14,"column":0},"end":{"line":14,"column":53}},"14":{"start":{"line":15,"column":0},"end":{"line":15,"column":83}},"15":{"start":{"line":16,"column":0},"end":{"line":16,"column":65}},"16":{"start":{"line":17,"column":0},"end":{"line":17,"column":42}},"17":{"start":{"line":18,"column":0},"end":{"line":18,"column":7}},"18":{"start":{"line":19,"column":0},"end":{"line":19,"column":24}},"19":{"start":{"line":20,"column":0},"end":{"line":20,"column":22}},"20":{"start":{"line":21,"column":0},"end":{"line":21,"column":5}},"21":{"start":{"line":22,"column":0},"end":{"line":22,"column":17}},"22":{"start":{"line":23,"column":0},"end":{"line":23,"column":3}},"23":{"start":{"line":24,"column":0},"end":{"line":24,"column":89}},"24":{"start":{"line":25,"column":0},"end":{"line":25,"column":68}},"25":{"start":{"line":26,"column":0},"end":{"line":26,"column":48}},"26":{"start":{"line":27,"column":0},"end":{"line":27,"column":17}},"27":{"start":{"line":28,"column":0},"end":{"line":28,"column":35}},"28":{"start":{"line":29,"column":0},"end":{"line":29,"column":61}},"29":{"start":{"line":30,"column":0},"end":{"line":30,"column":24}},"30":{"start":{"line":31,"column":0},"end":{"line":31,"column":47}},"31":{"start":{"line":32,"column":0},"end":{"line":32,"column":5}},"32":{"start":{"line":33,"column":0},"end":{"line":33,"column":36}},"33":{"start":{"line":34,"column":0},"end":{"line":34,"column":3}},"34":{"start":{"line":35,"column":0},"end":{"line":35,"column":44}}},"s":{"0":1,"1":1,"2":12,"3":12,"4":12,"5":12,"6":12,"7":12,"8":12,"9":1,"10":1,"11":1,"12":1,"13":1,"14":1,"15":6,"16":6,"17":6,"18":6,"19":2,"20":2,"21":4,"22":1,"23":1,"24":6,"25":6,"26":6,"27":2,"28":2,"29":2,"30":2,"31":2,"32":4,"33":1,"34":1},"branchMap":{"0":{"type":"branch","line":1,"loc":{"start":{"line":1,"column":0},"end":{"line":35,"column":44}},"locations":[{"start":{"line":1,"column":0},"end":{"line":35,"column":44}}]},"1":{"type":"branch","line":1,"loc":{"start":{"line":1,"column":0},"end":{"line":35,"column":44}},"locations":[{"start":{"line":1,"column":0},"end":{"line":35,"column":44}}]},"2":{"type":"branch","line":2,"loc":{"start":{"line":2,"column":44},"end":{"line":10,"column":1}},"locations":[{"start":{"line":2,"column":44},"end":{"line":10,"column":1}}]},"3":{"type":"branch","line":3,"loc":{"start":{"line":3,"column":4},"end":{"line":3,"column":112}},"locations":[{"start":{"line":3,"column":4},"end":{"line":3,"column":112}}]},"4":{"type":"branch","line":3,"loc":{"start":{"line":3,"column":62},"end":{"line":3,"column":109}},"locations":[{"start":{"line":3,"column":62},"end":{"line":3,"column":109}}]},"5":{"type":"branch","line":4,"loc":{"start":{"line":4,"column":36},"end":{"line":9,"column":5}},"locations":[{"start":{"line":4,"column":36},"end":{"line":9,"column":5}}]},"6":{"type":"branch","line":5,"loc":{"start":{"line":5,"column":8},"end":{"line":5,"column":99}},"locations":[{"start":{"line":5,"column":8},"end":{"line":5,"column":99}}]},"7":{"type":"branch","line":5,"loc":{"start":{"line":5,"column":73},"end":{"line":5,"column":97}},"locations":[{"start":{"line":5,"column":73},"end":{"line":5,"column":97}}]},"8":{"type":"branch","line":7,"loc":{"start":{"line":7,"column":8},"end":{"line":7,"column":118}},"locations":[{"start":{"line":7,"column":8},"end":{"line":7,"column":118}}]},"9":{"type":"branch","line":7,"loc":{"start":{"line":7,"column":44},"end":{"line":7,"column":67}},"locations":[{"start":{"line":7,"column":44},"end":{"line":7,"column":67}}]},"10":{"type":"branch","line":7,"loc":{"start":{"line":7,"column":68},"end":{"line":7,"column":115}},"locations":[{"start":{"line":7,"column":68},"end":{"line":7,"column":115}}]},"11":{"type":"branch","line":15,"loc":{"start":{"line":15,"column":24},"end":{"line":23,"column":2}},"locations":[{"start":{"line":15,"column":24},"end":{"line":23,"column":2}}]},"12":{"type":"branch","line":15,"loc":{"start":{"line":15,"column":69},"end":{"line":23,"column":1}},"locations":[{"start":{"line":15,"column":69},"end":{"line":23,"column":1}}]},"13":{"type":"branch","line":19,"loc":{"start":{"line":19,"column":23},"end":{"line":21,"column":5}},"locations":[{"start":{"line":19,"column":23},"end":{"line":21,"column":5}}]},"14":{"type":"branch","line":22,"loc":{"start":{"line":22,"column":-1},"end":{"line":23,"column":0}},"locations":[{"start":{"line":22,"column":-1},"end":{"line":23,"column":0}}]},"15":{"type":"branch","line":24,"loc":{"start":{"line":24,"column":25},"end":{"line":34,"column":2}},"locations":[{"start":{"line":24,"column":25},"end":{"line":34,"column":2}}]},"16":{"type":"branch","line":24,"loc":{"start":{"line":24,"column":75},"end":{"line":34,"column":1}},"locations":[{"start":{"line":24,"column":75},"end":{"line":34,"column":1}}]},"17":{"type":"branch","line":27,"loc":{"start":{"line":27,"column":16},"end":{"line":32,"column":5}},"locations":[{"start":{"line":27,"column":16},"end":{"line":32,"column":5}}]},"18":{"type":"branch","line":33,"loc":{"start":{"line":33,"column":-1},"end":{"line":34,"column":0}},"locations":[{"start":{"line":33,"column":-1},"end":{"line":34,"column":0}}]},"19":{"type":"branch","line":29,"loc":{"start":{"line":29,"column":17},"end":{"line":29,"column":60}},"locations":[{"start":{"line":29,"column":17},"end":{"line":29,"column":60}}]}},"b":{"0":[1],"1":[1],"2":[12],"3":[12],"4":[0],"5":[12],"6":[12],"7":[0],"8":[24],"9":[12],"10":[12],"11":[6],"12":[6],"13":[2],"14":[4],"15":[6],"16":[6],"17":[2],"18":[4],"19":[2]},"fnMap":{"0":{"name":"Object.<anonymous>","decl":{"start":{"line":1,"column":0},"end":{"line":35,"column":44}},"loc":{"start":{"line":1,"column":0},"end":{"line":35,"column":44}},"line":1},"1":{"name":"Object.<anonymous>.__awaiter","decl":{"start":{"line":2,"column":44},"end":{"line":10,"column":1}},"loc":{"start":{"line":2,"column":44},"end":{"line":10,"column":1}},"line":2},"2":{"name":"adopt","decl":{"start":{"line":3,"column":4},"end":{"line":3,"column":112}},"loc":{"start":{"line":3,"column":4},"end":{"line":3,"column":112}},"line":3},"3":{"name":"fulfilled","decl":{"start":{"line":5,"column":8},"end":{"line":5,"column":99}},"loc":{"start":{"line":5,"column":8},"end":{"line":5,"column":99}},"line":5},"4":{"name":"rejected","decl":{"start":{"line":6,"column":8},"end":{"line":6,"column":102}},"loc":{"start":{"line":6,"column":8},"end":{"line":6,"column":102}},"line":6},"5":{"name":"step","decl":{"start":{"line":7,"column":8},"end":{"line":7,"column":118}},"loc":{"start":{"line":7,"column":8},"end":{"line":7,"column":118}},"line":7},"6":{"name":"validationError","decl":{"start":{"line":15,"column":24},"end":{"line":23,"column":2}},"loc":{"start":{"line":15,"column":24},"end":{"line":23,"column":2}},"line":15},"7":{"name":"RequestValidator","decl":{"start":{"line":24,"column":25},"end":{"line":34,"column":2}},"loc":{"start":{"line":24,"column":25},"end":{"line":34,"column":2}},"line":24}},"f":{"0":1,"1":12,"2":12,"3":12,"4":0,"5":24,"6":6,"7":6}}
,"/Users/sukritanand/catalog_service/src/dto/product.dto.ts": {"path":"/Users/sukritanand/catalog_service/src/dto/product.dto.ts","all":false,"statementMap":{"0":{"start":{"line":1,"column":0},"end":{"line":1,"column":8}},"1":{"start":{"line":2,"column":0},"end":{"line":2,"column":13}},"2":{"start":{"line":3,"column":0},"end":{"line":3,"column":11}},"3":{"start":{"line":4,"column":0},"end":{"line":4,"column":13}},"4":{"start":{"line":5,"column":0},"end":{"line":5,"column":11}},"5":{"start":{"line":6,"column":0},"end":{"line":6,"column":6}},"6":{"start":{"line":7,"column":0},"end":{"line":7,"column":25}},"7":{"start":{"line":8,"column":0},"end":{"line":8,"column":0}},"8":{"start":{"line":9,"column":0},"end":{"line":9,"column":35}},"9":{"start":{"line":10,"column":0},"end":{"line":10,"column":13}},"10":{"start":{"line":11,"column":0},"end":{"line":11,"column":15}},"11":{"start":{"line":12,"column":0},"end":{"line":12,"column":15}},"12":{"start":{"line":13,"column":0},"end":{"line":13,"column":0}},"13":{"start":{"line":14,"column":0},"end":{"line":14,"column":13}},"14":{"start":{"line":15,"column":0},"end":{"line":15,"column":15}},"15":{"start":{"line":16,"column":0},"end":{"line":16,"column":22}},"16":{"start":{"line":17,"column":0},"end":{"line":17,"column":0}},"17":{"start":{"line":18,"column":0},"end":{"line":18,"column":13}},"18":{"start":{"line":19,"column":0},"end":{"line":19,"column":9}},"19":{"start":{"line":20,"column":0},"end":{"line":20,"column":16}},"20":{"start":{"line":21,"column":0},"end":{"line":21,"column":0}},"21":{"start":{"line":22,"column":0},"end":{"line":22,"column":13}},"22":{"start":{"line":23,"column":0},"end":{"line":23,"column":16}},"23":{"start":{"line":24,"column":0},"end":{"line":24,"column":1}},"24":{"start":{"line":25,"column":0},"end":{"line":25,"column":0}},"25":{"start":{"line":26,"column":0},"end":{"line":26,"column":35}},"26":{"start":{"line":27,"column":0},"end":{"line":27,"column":16}},"27":{"start":{"line":28,"column":0},"end":{"line":28,"column":0}},"28":{"start":{"line":29,"column":0},"end":{"line":29,"column":23}},"29":{"start":{"line":30,"column":0},"end":{"line":30,"column":0}},"30":{"start":{"line":31,"column":0},"end":{"line":31,"column":9}},"31":{"start":{"line":32,"column":0},"end":{"line":32,"column":17}},"32":{"start":{"line":33,"column":0},"end":{"line":33,"column":0}},"33":{"start":{"line":34,"column":0},"end":{"line":34,"column":17}},"34":{"start":{"line":35,"column":0},"end":{"line":35,"column":1}}},"s":{"0":1,"1":1,"2":1,"3":1,"4":1,"5":1,"6":1,"7":1,"8":1,"9":1,"10":1,"11":1,"12":1,"13":1,"14":1,"15":1,"16":1,"17":1,"18":1,"19":1,"20":1,"21":1,"22":1,"23":1,"24":1,"25":1,"26":1,"27":1,"28":1,"29":1,"30":1,"31":1,"32":1,"33":1,"34":1},"branchMap":{},"b":{},"fnMap":{},"f":{}}
,"/Users/sukritanand/catalog_service/src/models/product.model.ts": {"path":"/Users/sukritanand/catalog_service/src/models/product.model.ts","all":false,"statementMap":{"0":{"start":{"line":1,"column":0},"end":{"line":1,"column":51}},"1":{"start":{"line":2,"column":0},"end":{"line":2,"column":0}},"2":{"start":{"line":3,"column":0},"end":{"line":3,"column":27}},"3":{"start":{"line":4,"column":0},"end":{"line":4,"column":15}},"4":{"start":{"line":5,"column":0},"end":{"line":5,"column":22}},"5":{"start":{"line":6,"column":0},"end":{"line":6,"column":16}},"6":{"start":{"line":7,"column":0},"end":{"line":7,"column":16}},"7":{"start":{"line":8,"column":0},"end":{"line":8,"column":14}},"8":{"start":{"line":9,"column":0},"end":{"line":9,"column":1}},"9":{"start":{"line":10,"column":0},"end":{"line":10,"column":0}},"10":{"start":{"line":11,"column":0},"end":{"line":11,"column":63}},"11":{"start":{"line":12,"column":0},"end":{"line":12,"column":0}},"12":{"start":{"line":13,"column":0},"end":{"line":13,"column":42}},"13":{"start":{"line":14,"column":0},"end":{"line":14,"column":41}},"14":{"start":{"line":15,"column":0},"end":{"line":15,"column":48}},"15":{"start":{"line":16,"column":0},"end":{"line":16,"column":42}},"16":{"start":{"line":17,"column":0},"end":{"line":17,"column":42}},"17":{"start":{"line":18,"column":0},"end":{"line":18,"column":45}},"18":{"start":{"line":19,"column":0},"end":{"line":19,"column":3}},"19":{"start":{"line":20,"column":0},"end":{"line":20,"column":0}},"20":{"start":{"line":21,"column":0},"end":{"line":21,"column":57}}},"s":{"0":1,"1":1,"2":1,"3":1,"4":1,"5":1,"6":1,"7":1,"8":1,"9":1,"10":1,"11":1,"12":1,"13":1,"14":1,"15":1,"16":1,"17":1,"18":1,"19":1,"20":1},"branchMap":{},"b":{},"fnMap":{},"f":{}}
,"/Users/sukritanand/catalog_service/src/repository/mockProduct.repository.ts": {"path":"/Users/sukritanand/catalog_service/src/repository/mockProduct.repository.ts","all":false,"statementMap":{"0":{"start":{"line":1,"column":0},"end":{"line":1,"column":78}},"1":{"start":{"line":2,"column":0},"end":{"line":2,"column":51}},"2":{"start":{"line":3,"column":0},"end":{"line":3,"column":0}},"3":{"start":{"line":4,"column":0},"end":{"line":4,"column":84}},"4":{"start":{"line":5,"column":0},"end":{"line":5,"column":66}},"5":{"start":{"line":6,"column":0},"end":{"line":6,"column":45}},"6":{"start":{"line":7,"column":0},"end":{"line":7,"column":25}},"7":{"start":{"line":8,"column":0},"end":{"line":8,"column":14}},"8":{"start":{"line":9,"column":0},"end":{"line":9,"column":14}},"9":{"start":{"line":10,"column":0},"end":{"line":10,"column":18}},"10":{"start":{"line":11,"column":0},"end":{"line":11,"column":0}},"11":{"start":{"line":12,"column":0},"end":{"line":12,"column":40}},"12":{"start":{"line":13,"column":0},"end":{"line":13,"column":3}},"13":{"start":{"line":14,"column":0},"end":{"line":14,"column":45}},"14":{"start":{"line":15,"column":0},"end":{"line":15,"column":24}},"15":{"start":{"line":16,"column":0},"end":{"line":16,"column":14}},"16":{"start":{"line":17,"column":0},"end":{"line":17,"column":18}},"17":{"start":{"line":18,"column":0},"end":{"line":18,"column":0}},"18":{"start":{"line":19,"column":0},"end":{"line":19,"column":39}},"19":{"start":{"line":20,"column":0},"end":{"line":20,"column":3}},"20":{"start":{"line":21,"column":0},"end":{"line":21,"column":22}},"21":{"start":{"line":22,"column":0},"end":{"line":22,"column":31}},"22":{"start":{"line":23,"column":0},"end":{"line":23,"column":3}},"23":{"start":{"line":24,"column":0},"end":{"line":24,"column":60}},"24":{"start":{"line":25,"column":0},"end":{"line":25,"column":31}},"25":{"start":{"line":26,"column":0},"end":{"line":26,"column":3}},"26":{"start":{"line":27,"column":0},"end":{"line":27,"column":42}},"27":{"start":{"line":28,"column":0},"end":{"line":28,"column":24}},"28":{"start":{"line":29,"column":0},"end":{"line":29,"column":15}},"29":{"start":{"line":30,"column":0},"end":{"line":30,"column":15}},"30":{"start":{"line":31,"column":0},"end":{"line":31,"column":27}},"31":{"start":{"line":32,"column":0},"end":{"line":32,"column":50}},"32":{"start":{"line":33,"column":0},"end":{"line":33,"column":18}},"33":{"start":{"line":34,"column":0},"end":{"line":34,"column":17}},"34":{"start":{"line":35,"column":0},"end":{"line":35,"column":20}},"35":{"start":{"line":36,"column":0},"end":{"line":36,"column":32}},"36":{"start":{"line":37,"column":0},"end":{"line":37,"column":12}},"37":{"start":{"line":38,"column":0},"end":{"line":38,"column":60}},"38":{"start":{"line":39,"column":0},"end":{"line":39,"column":32}},"39":{"start":{"line":40,"column":0},"end":{"line":40,"column":5}},"40":{"start":{"line":41,"column":0},"end":{"line":41,"column":3}},"41":{"start":{"line":42,"column":0},"end":{"line":42,"column":1}}},"s":{"0":1,"1":1,"2":1,"3":1,"4":1,"5":1,"6":1,"7":1,"8":1,"9":1,"10":1,"11":1,"12":1,"13":1,"14":1,"15":1,"16":1,"17":1,"18":1,"19":1,"20":1,"21":0,"22":0,"23":1,"24":0,"25":0,"26":1,"27":2,"28":1,"29":1,"30":1,"31":1,"32":1,"33":1,"34":1,"35":1,"36":1,"37":1,"38":1,"39":1,"40":2,"41":1},"branchMap":{"0":{"type":"branch","line":6,"loc":{"start":{"line":6,"column":2},"end":{"line":13,"column":3}},"locations":[{"start":{"line":6,"column":2},"end":{"line":13,"column":3}}]},"1":{"type":"branch","line":14,"loc":{"start":{"line":14,"column":2},"end":{"line":20,"column":3}},"locations":[{"start":{"line":14,"column":2},"end":{"line":20,"column":3}}]},"2":{"type":"branch","line":27,"loc":{"start":{"line":27,"column":2},"end":{"line":41,"column":3}},"locations":[{"start":{"line":27,"column":2},"end":{"line":41,"column":3}}]},"3":{"type":"branch","line":28,"loc":{"start":{"line":28,"column":23},"end":{"line":40,"column":5}},"locations":[{"start":{"line":28,"column":23},"end":{"line":40,"column":5}}]}},"b":{"0":[1],"1":[1],"2":[2],"3":[1]},"fnMap":{"0":{"name":"create","decl":{"start":{"line":6,"column":2},"end":{"line":13,"column":3}},"loc":{"start":{"line":6,"column":2},"end":{"line":13,"column":3}},"line":6},"1":{"name":"update","decl":{"start":{"line":14,"column":2},"end":{"line":20,"column":3}},"loc":{"start":{"line":14,"column":2},"end":{"line":20,"column":3}},"line":14},"2":{"name":"delete","decl":{"start":{"line":21,"column":2},"end":{"line":23,"column":3}},"loc":{"start":{"line":21,"column":2},"end":{"line":23,"column":3}},"line":21},"3":{"name":"find","decl":{"start":{"line":24,"column":2},"end":{"line":26,"column":3}},"loc":{"start":{"line":24,"column":2},"end":{"line":26,"column":3}},"line":24},"4":{"name":"findOne","decl":{"start":{"line":27,"column":2},"end":{"line":41,"column":3}},"loc":{"start":{"line":27,"column":2},"end":{"line":41,"column":3}},"line":27}},"f":{"0":1,"1":1,"2":0,"3":0,"4":2}}
,"/Users/sukritanand/catalog_service/src/repository/product.repository.ts": {"path":"/Users/sukritanand/catalog_service/src/repository/product.repository.ts","all":false,"statementMap":{"0":{"start":{"line":1,"column":0},"end":{"line":1,"column":41}},"1":{"start":{"line":2,"column":0},"end":{"line":2,"column":78}},"2":{"start":{"line":3,"column":0},"end":{"line":3,"column":65}},"3":{"start":{"line":4,"column":0},"end":{"line":4,"column":0}},"4":{"start":{"line":5,"column":0},"end":{"line":5,"column":62}},"5":{"start":{"line":6,"column":0},"end":{"line":6,"column":51}},"6":{"start":{"line":7,"column":0},"end":{"line":7,"column":47}},"7":{"start":{"line":8,"column":0},"end":{"line":8,"column":16}},"8":{"start":{"line":9,"column":0},"end":{"line":9,"column":3}},"9":{"start":{"line":10,"column":0},"end":{"line":10,"column":51}},"10":{"start":{"line":11,"column":0},"end":{"line":11,"column":53}},"11":{"start":{"line":12,"column":0},"end":{"line":12,"column":14}},"12":{"start":{"line":13,"column":0},"end":{"line":13,"column":18}},"13":{"start":{"line":14,"column":0},"end":{"line":14,"column":19}},"14":{"start":{"line":15,"column":0},"end":{"line":15,"column":19}},"15":{"start":{"line":16,"column":0},"end":{"line":16,"column":16}},"16":{"start":{"line":17,"column":0},"end":{"line":17,"column":3}},"17":{"start":{"line":18,"column":0},"end":{"line":18,"column":28}},"18":{"start":{"line":19,"column":0},"end":{"line":19,"column":45}},"19":{"start":{"line":20,"column":0},"end":{"line":20,"column":35}},"20":{"start":{"line":21,"column":0},"end":{"line":21,"column":3}},"21":{"start":{"line":22,"column":0},"end":{"line":22,"column":66}},"22":{"start":{"line":23,"column":0},"end":{"line":23,"column":67}},"23":{"start":{"line":24,"column":0},"end":{"line":24,"column":20}},"24":{"start":{"line":25,"column":0},"end":{"line":25,"column":3}},"25":{"start":{"line":26,"column":0},"end":{"line":26,"column":48}},"26":{"start":{"line":27,"column":0},"end":{"line":27,"column":72}},"27":{"start":{"line":28,"column":0},"end":{"line":28,"column":19}},"28":{"start":{"line":29,"column":0},"end":{"line":29,"column":3}},"29":{"start":{"line":30,"column":0},"end":{"line":30,"column":1}}},"s":{"0":1,"1":1,"2":1,"3":1,"4":1,"5":1,"6":0,"7":0,"8":0,"9":1,"10":0,"11":0,"12":0,"13":0,"14":0,"15":0,"16":0,"17":1,"18":0,"19":0,"20":0,"21":1,"22":0,"23":0,"24":0,"25":1,"26":0,"27":0,"28":0,"29":1},"branchMap":{},"b":{},"fnMap":{"0":{"name":"create","decl":{"start":{"line":6,"column":8},"end":{"line":9,"column":3}},"loc":{"start":{"line":6,"column":8},"end":{"line":9,"column":3}},"line":6},"1":{"name":"update","decl":{"start":{"line":10,"column":8},"end":{"line":17,"column":3}},"loc":{"start":{"line":10,"column":8},"end":{"line":17,"column":3}},"line":10},"2":{"name":"delete","decl":{"start":{"line":18,"column":8},"end":{"line":21,"column":3}},"loc":{"start":{"line":18,"column":8},"end":{"line":21,"column":3}},"line":18},"3":{"name":"find","decl":{"start":{"line":22,"column":8},"end":{"line":25,"column":3}},"loc":{"start":{"line":22,"column":8},"end":{"line":25,"column":3}},"line":22},"4":{"name":"findOne","decl":{"start":{"line":26,"column":8},"end":{"line":29,"column":3}},"loc":{"start":{"line":26,"column":8},"end":{"line":29,"column":3}},"line":26}},"f":{"0":0,"1":0,"2":0,"3":0,"4":0}}
,"/Users/sukritanand/catalog_service/src/routes/product.routes.ts": {"path":"/Users/sukritanand/catalog_service/src/routes/product.routes.ts","all":false,"statementMap":{"0":{"start":{"line":1,"column":0},"end":{"line":1,"column":67}},"1":{"start":{"line":2,"column":0},"end":{"line":2,"column":60}},"2":{"start":{"line":3,"column":0},"end":{"line":3,"column":69}},"3":{"start":{"line":4,"column":0},"end":{"line":4,"column":67}},"4":{"start":{"line":5,"column":0},"end":{"line":5,"column":80}},"5":{"start":{"line":6,"column":0},"end":{"line":6,"column":0}},"6":{"start":{"line":7,"column":0},"end":{"line":7,"column":32}},"7":{"start":{"line":8,"column":0},"end":{"line":8,"column":0}},"8":{"start":{"line":9,"column":0},"end":{"line":9,"column":74}},"9":{"start":{"line":10,"column":0},"end":{"line":10,"column":0}},"10":{"start":{"line":11,"column":0},"end":{"line":11,"column":12}},"11":{"start":{"line":12,"column":0},"end":{"line":12,"column":12}},"12":{"start":{"line":13,"column":0},"end":{"line":13,"column":13}},"13":{"start":{"line":14,"column":0},"end":{"line":14,"column":62}},"14":{"start":{"line":15,"column":0},"end":{"line":15,"column":9}},"15":{"start":{"line":16,"column":0},"end":{"line":16,"column":55}},"16":{"start":{"line":17,"column":0},"end":{"line":17,"column":29}},"17":{"start":{"line":18,"column":0},"end":{"line":18,"column":16}},"18":{"start":{"line":19,"column":0},"end":{"line":19,"column":8}},"19":{"start":{"line":20,"column":0},"end":{"line":20,"column":0}},"20":{"start":{"line":21,"column":0},"end":{"line":21,"column":54}},"21":{"start":{"line":22,"column":0},"end":{"line":22,"column":61}},"22":{"start":{"line":23,"column":0},"end":{"line":23,"column":40}},"23":{"start":{"line":24,"column":0},"end":{"line":24,"column":21}},"24":{"start":{"line":25,"column":0},"end":{"line":25,"column":25}},"25":{"start":{"line":26,"column":0},"end":{"line":26,"column":33}},"26":{"start":{"line":27,"column":0},"end":{"line":27,"column":47}},"27":{"start":{"line":28,"column":0},"end":{"line":28,"column":5}},"28":{"start":{"line":29,"column":0},"end":{"line":29,"column":3}},"29":{"start":{"line":30,"column":0},"end":{"line":30,"column":2}},"30":{"start":{"line":31,"column":0},"end":{"line":31,"column":0}},"31":{"start":{"line":32,"column":0},"end":{"line":32,"column":13}},"32":{"start":{"line":33,"column":0},"end":{"line":33,"column":17}},"33":{"start":{"line":34,"column":0},"end":{"line":34,"column":62}},"34":{"start":{"line":35,"column":0},"end":{"line":35,"column":9}},"35":{"start":{"line":36,"column":0},"end":{"line":36,"column":55}},"36":{"start":{"line":37,"column":0},"end":{"line":37,"column":29}},"37":{"start":{"line":38,"column":0},"end":{"line":38,"column":16}},"38":{"start":{"line":39,"column":0},"end":{"line":39,"column":8}},"39":{"start":{"line":40,"column":0},"end":{"line":40,"column":0}},"40":{"start":{"line":41,"column":0},"end":{"line":41,"column":31}},"41":{"start":{"line":42,"column":0},"end":{"line":42,"column":0}},"42":{"start":{"line":43,"column":0},"end":{"line":43,"column":54}},"43":{"start":{"line":44,"column":0},"end":{"line":44,"column":0}},"44":{"start":{"line":45,"column":0},"end":{"line":45,"column":72}},"45":{"start":{"line":46,"column":0},"end":{"line":46,"column":40}},"46":{"start":{"line":47,"column":0},"end":{"line":47,"column":21}},"47":{"start":{"line":48,"column":0},"end":{"line":48,"column":33}},"48":{"start":{"line":49,"column":0},"end":{"line":49,"column":47}},"49":{"start":{"line":50,"column":0},"end":{"line":50,"column":5}},"50":{"start":{"line":51,"column":0},"end":{"line":51,"column":3}},"51":{"start":{"line":52,"column":0},"end":{"line":52,"column":2}},"52":{"start":{"line":53,"column":0},"end":{"line":53,"column":0}},"53":{"start":{"line":54,"column":0},"end":{"line":54,"column":11}},"54":{"start":{"line":55,"column":0},"end":{"line":55,"column":14}},"55":{"start":{"line":56,"column":0},"end":{"line":56,"column":62}},"56":{"start":{"line":57,"column":0},"end":{"line":57,"column":45}},"57":{"start":{"line":58,"column":0},"end":{"line":58,"column":47}},"58":{"start":{"line":59,"column":0},"end":{"line":59,"column":9}},"59":{"start":{"line":60,"column":0},"end":{"line":60,"column":69}},"60":{"start":{"line":61,"column":0},"end":{"line":61,"column":40}},"61":{"start":{"line":62,"column":0},"end":{"line":62,"column":21}},"62":{"start":{"line":63,"column":0},"end":{"line":63,"column":33}},"63":{"start":{"line":64,"column":0},"end":{"line":64,"column":47}},"64":{"start":{"line":65,"column":0},"end":{"line":65,"column":5}},"65":{"start":{"line":66,"column":0},"end":{"line":66,"column":3}},"66":{"start":{"line":67,"column":0},"end":{"line":67,"column":2}},"67":{"start":{"line":68,"column":0},"end":{"line":68,"column":0}},"68":{"start":{"line":69,"column":0},"end":{"line":69,"column":11}},"69":{"start":{"line":70,"column":0},"end":{"line":70,"column":18}},"70":{"start":{"line":71,"column":0},"end":{"line":71,"column":62}},"71":{"start":{"line":72,"column":0},"end":{"line":72,"column":29}},"72":{"start":{"line":73,"column":0},"end":{"line":73,"column":9}},"73":{"start":{"line":74,"column":0},"end":{"line":74,"column":55}},"74":{"start":{"line":75,"column":0},"end":{"line":75,"column":40}},"75":{"start":{"line":76,"column":0},"end":{"line":76,"column":21}},"76":{"start":{"line":77,"column":0},"end":{"line":77,"column":33}},"77":{"start":{"line":78,"column":0},"end":{"line":78,"column":47}},"78":{"start":{"line":79,"column":0},"end":{"line":79,"column":5}},"79":{"start":{"line":80,"column":0},"end":{"line":80,"column":3}},"80":{"start":{"line":81,"column":0},"end":{"line":81,"column":2}},"81":{"start":{"line":82,"column":0},"end":{"line":82,"column":0}},"82":{"start":{"line":83,"column":0},"end":{"line":83,"column":14}},"83":{"start":{"line":84,"column":0},"end":{"line":84,"column":18}},"84":{"start":{"line":85,"column":0},"end":{"line":85,"column":62}},"85":{"start":{"line":86,"column":0},"end":{"line":86,"column":29}},"86":{"start":{"line":87,"column":0},"end":{"line":87,"column":9}},"87":{"start":{"line":88,"column":0},"end":{"line":88,"column":58}},"88":{"start":{"line":89,"column":0},"end":{"line":89,"column":40}},"89":{"start":{"line":90,"column":0},"end":{"line":90,"column":21}},"90":{"start":{"line":91,"column":0},"end":{"line":91,"column":33}},"91":{"start":{"line":92,"column":0},"end":{"line":92,"column":47}},"92":{"start":{"line":93,"column":0},"end":{"line":93,"column":5}},"93":{"start":{"line":94,"column":0},"end":{"line":94,"column":3}},"94":{"start":{"line":95,"column":0},"end":{"line":95,"column":2}},"95":{"start":{"line":96,"column":0},"end":{"line":96,"column":0}},"96":{"start":{"line":97,"column":0},"end":{"line":97,"column":22}}},"s":{"0":1,"1":1,"2":1,"3":1,"4":1,"5":1,"6":1,"7":1,"8":1,"9":1,"10":1,"11":1,"12":1,"13":1,"14":3,"15":3,"16":3,"17":3,"18":3,"19":3,"20":3,"21":2,"22":1,"23":1,"24":1,"25":1,"26":1,"27":1,"28":3,"29":1,"30":1,"31":1,"32":1,"33":1,"34":3,"35":3,"36":3,"37":3,"38":3,"39":3,"40":3,"41":3,"42":3,"43":2,"44":2,"45":1,"46":1,"47":1,"48":1,"49":1,"50":3,"51":1,"52":1,"53":1,"54":1,"55":1,"56":1,"57":1,"58":1,"59":1,"60":1,"61":1,"62":0,"63":0,"64":0,"65":1,"66":1,"67":1,"68":1,"69":1,"70":1,"71":1,"72":1,"73":1,"74":1,"75":1,"76":0,"77":0,"78":0,"79":1,"80":1,"81":1,"82":1,"83":1,"84":1,"85":1,"86":1,"87":1,"88":1,"89":1,"90":0,"91":0,"92":0,"93":1,"94":1,"95":1,"96":1},"branchMap":{"0":{"type":"branch","line":14,"loc":{"start":{"line":14,"column":2},"end":{"line":29,"column":3}},"locations":[{"start":{"line":14,"column":2},"end":{"line":29,"column":3}}]},"1":{"type":"branch","line":14,"loc":{"start":{"line":14,"column":60},"end":{"line":29,"column":3}},"locations":[{"start":{"line":14,"column":60},"end":{"line":29,"column":3}}]},"2":{"type":"branch","line":21,"loc":{"start":{"line":21,"column":18},"end":{"line":21,"column":54}},"locations":[{"start":{"line":21,"column":18},"end":{"line":21,"column":54}}]},"3":{"type":"branch","line":22,"loc":{"start":{"line":22,"column":-1},"end":{"line":22,"column":61}},"locations":[{"start":{"line":22,"column":-1},"end":{"line":22,"column":61}}]},"4":{"type":"branch","line":23,"loc":{"start":{"line":23,"column":-1},"end":{"line":28,"column":5}},"locations":[{"start":{"line":23,"column":-1},"end":{"line":28,"column":5}}]},"5":{"type":"branch","line":34,"loc":{"start":{"line":34,"column":2},"end":{"line":51,"column":3}},"locations":[{"start":{"line":34,"column":2},"end":{"line":51,"column":3}}]},"6":{"type":"branch","line":34,"loc":{"start":{"line":34,"column":60},"end":{"line":51,"column":3}},"locations":[{"start":{"line":34,"column":60},"end":{"line":51,"column":3}}]},"7":{"type":"branch","line":43,"loc":{"start":{"line":43,"column":18},"end":{"line":43,"column":54}},"locations":[{"start":{"line":43,"column":18},"end":{"line":43,"column":54}}]},"8":{"type":"branch","line":44,"loc":{"start":{"line":44,"column":-1},"end":{"line":45,"column":72}},"locations":[{"start":{"line":44,"column":-1},"end":{"line":45,"column":72}}]},"9":{"type":"branch","line":46,"loc":{"start":{"line":46,"column":-1},"end":{"line":50,"column":5}},"locations":[{"start":{"line":46,"column":-1},"end":{"line":50,"column":5}}]},"10":{"type":"branch","line":56,"loc":{"start":{"line":56,"column":2},"end":{"line":66,"column":3}},"locations":[{"start":{"line":56,"column":2},"end":{"line":66,"column":3}}]},"11":{"type":"branch","line":56,"loc":{"start":{"line":56,"column":60},"end":{"line":66,"column":3}},"locations":[{"start":{"line":56,"column":60},"end":{"line":66,"column":3}}]},"12":{"type":"branch","line":62,"loc":{"start":{"line":62,"column":6},"end":{"line":65,"column":5}},"locations":[{"start":{"line":62,"column":6},"end":{"line":65,"column":5}}]},"13":{"type":"branch","line":71,"loc":{"start":{"line":71,"column":2},"end":{"line":80,"column":3}},"locations":[{"start":{"line":71,"column":2},"end":{"line":80,"column":3}}]},"14":{"type":"branch","line":71,"loc":{"start":{"line":71,"column":60},"end":{"line":80,"column":3}},"locations":[{"start":{"line":71,"column":60},"end":{"line":80,"column":3}}]},"15":{"type":"branch","line":76,"loc":{"start":{"line":76,"column":6},"end":{"line":79,"column":5}},"locations":[{"start":{"line":76,"column":6},"end":{"line":79,"column":5}}]},"16":{"type":"branch","line":85,"loc":{"start":{"line":85,"column":2},"end":{"line":94,"column":3}},"locations":[{"start":{"line":85,"column":2},"end":{"line":94,"column":3}}]},"17":{"type":"branch","line":85,"loc":{"start":{"line":85,"column":60},"end":{"line":94,"column":3}},"locations":[{"start":{"line":85,"column":60},"end":{"line":94,"column":3}}]},"18":{"type":"branch","line":90,"loc":{"start":{"line":90,"column":6},"end":{"line":93,"column":5}},"locations":[{"start":{"line":90,"column":6},"end":{"line":93,"column":5}}]}},"b":{"0":[3],"1":[3],"2":[1],"3":[2],"4":[1],"5":[3],"6":[3],"7":[1],"8":[2],"9":[1],"10":[1],"11":[1],"12":[0],"13":[1],"14":[1],"15":[0],"16":[1],"17":[1],"18":[0]},"fnMap":{},"f":{}}
,"/Users/sukritanand/catalog_service/src/service/product.service.ts": {"path":"/Users/sukritanand/catalog_service/src/service/product.service.ts","all":false,"statementMap":{"0":{"start":{"line":1,"column":0},"end":{"line":1,"column":78}},"1":{"start":{"line":2,"column":0},"end":{"line":2,"column":0}},"2":{"start":{"line":3,"column":0},"end":{"line":3,"column":29}},"3":{"start":{"line":4,"column":0},"end":{"line":4,"column":36}},"4":{"start":{"line":5,"column":0},"end":{"line":5,"column":47}},"5":{"start":{"line":6,"column":0},"end":{"line":6,"column":28}},"6":{"start":{"line":7,"column":0},"end":{"line":7,"column":3}},"7":{"start":{"line":8,"column":0},"end":{"line":8,"column":0}},"8":{"start":{"line":9,"column":0},"end":{"line":9,"column":35}},"9":{"start":{"line":10,"column":0},"end":{"line":10,"column":44}},"10":{"start":{"line":11,"column":0},"end":{"line":11,"column":27}},"11":{"start":{"line":12,"column":0},"end":{"line":12,"column":42}},"12":{"start":{"line":13,"column":0},"end":{"line":13,"column":5}},"13":{"start":{"line":14,"column":0},"end":{"line":14,"column":48}},"14":{"start":{"line":15,"column":0},"end":{"line":15,"column":19}},"15":{"start":{"line":16,"column":0},"end":{"line":16,"column":50}},"16":{"start":{"line":17,"column":0},"end":{"line":17,"column":5}},"17":{"start":{"line":18,"column":0},"end":{"line":18,"column":0}},"18":{"start":{"line":19,"column":0},"end":{"line":19,"column":16}},"19":{"start":{"line":20,"column":0},"end":{"line":20,"column":3}},"20":{"start":{"line":21,"column":0},"end":{"line":21,"column":0}},"21":{"start":{"line":22,"column":0},"end":{"line":22,"column":35}},"22":{"start":{"line":23,"column":0},"end":{"line":23,"column":20}},"23":{"start":{"line":24,"column":0},"end":{"line":24,"column":47}},"24":{"start":{"line":25,"column":0},"end":{"line":25,"column":5}},"25":{"start":{"line":26,"column":0},"end":{"line":26,"column":61}},"26":{"start":{"line":27,"column":0},"end":{"line":27,"column":30}},"27":{"start":{"line":28,"column":0},"end":{"line":28,"column":48}},"28":{"start":{"line":29,"column":0},"end":{"line":29,"column":5}},"29":{"start":{"line":30,"column":0},"end":{"line":30,"column":0}},"30":{"start":{"line":31,"column":0},"end":{"line":31,"column":48}},"31":{"start":{"line":32,"column":0},"end":{"line":32,"column":0}},"32":{"start":{"line":33,"column":0},"end":{"line":33,"column":19}},"33":{"start":{"line":34,"column":0},"end":{"line":34,"column":50}},"34":{"start":{"line":35,"column":0},"end":{"line":35,"column":5}},"35":{"start":{"line":36,"column":0},"end":{"line":36,"column":0}},"36":{"start":{"line":37,"column":0},"end":{"line":37,"column":16}},"37":{"start":{"line":38,"column":0},"end":{"line":38,"column":3}},"38":{"start":{"line":39,"column":0},"end":{"line":39,"column":0}},"39":{"start":{"line":40,"column":0},"end":{"line":40,"column":54}},"40":{"start":{"line":41,"column":0},"end":{"line":41,"column":56}},"41":{"start":{"line":42,"column":0},"end":{"line":42,"column":20}},"42":{"start":{"line":43,"column":0},"end":{"line":43,"column":3}},"43":{"start":{"line":44,"column":0},"end":{"line":44,"column":0}},"44":{"start":{"line":45,"column":0},"end":{"line":45,"column":32}},"45":{"start":{"line":46,"column":0},"end":{"line":46,"column":47}},"46":{"start":{"line":47,"column":0},"end":{"line":47,"column":19}},"47":{"start":{"line":48,"column":0},"end":{"line":48,"column":3}},"48":{"start":{"line":49,"column":0},"end":{"line":49,"column":0}},"49":{"start":{"line":50,"column":0},"end":{"line":50,"column":35}},"50":{"start":{"line":51,"column":0},"end":{"line":51,"column":47}},"51":{"start":{"line":52,"column":0},"end":{"line":52,"column":20}},"52":{"start":{"line":53,"column":0},"end":{"line":53,"column":3}},"53":{"start":{"line":54,"column":0},"end":{"line":54,"column":1}}},"s":{"0":1,"1":1,"2":1,"3":1,"4":1,"5":10,"6":10,"7":1,"8":1,"9":4,"10":4,"11":1,"12":1,"13":3,"14":4,"15":1,"16":1,"17":1,"18":1,"19":1,"20":1,"21":1,"22":2,"23":0,"24":0,"25":2,"26":2,"27":1,"28":1,"29":1,"30":1,"31":1,"32":2,"33":0,"34":0,"35":1,"36":1,"37":1,"38":1,"39":1,"40":1,"41":1,"42":1,"43":1,"44":1,"45":1,"46":1,"47":1,"48":1,"49":1,"50":1,"51":1,"52":1,"53":1},"branchMap":{"0":{"type":"branch","line":5,"loc":{"start":{"line":5,"column":2},"end":{"line":7,"column":3}},"locations":[{"start":{"line":5,"column":2},"end":{"line":7,"column":3}}]},"1":{"type":"branch","line":9,"loc":{"start":{"line":9,"column":8},"end":{"line":20,"column":3}},"locations":[{"start":{"line":9,"column":8},"end":{"line":20,"column":3}}]},"2":{"type":"branch","line":11,"loc":{"start":{"line":11,"column":26},"end":{"line":13,"column":5}},"locations":[{"start":{"line":11,"column":26},"end":{"line":13,"column":5}}]},"3":{"type":"branch","line":14,"loc":{"start":{"line":14,"column":-1},"end":{"line":14,"column":48}},"locations":[{"start":{"line":14,"column":-1},"end":{"line":14,"column":48}}]},"4":{"type":"branch","line":15,"loc":{"start":{"line":15,"column":-1},"end":{"line":15,"column":18}},"locations":[{"start":{"line":15,"column":-1},"end":{"line":15,"column":18}}]},"5":{"type":"branch","line":15,"loc":{"start":{"line":15,"column":18},"end":{"line":20,"column":3}},"locations":[{"start":{"line":15,"column":18},"end":{"line":20,"column":3}}]},"6":{"type":"branch","line":22,"loc":{"start":{"line":22,"column":8},"end":{"line":38,"column":3}},"locations":[{"start":{"line":22,"column":8},"end":{"line":38,"column":3}}]},"7":{"type":"branch","line":23,"loc":{"start":{"line":23,"column":19},"end":{"line":25,"column":5}},"locations":[{"start":{"line":23,"column":19},"end":{"line":25,"column":5}}]},"8":{"type":"branch","line":27,"loc":{"start":{"line":27,"column":29},"end":{"line":33,"column":18}},"locations":[{"start":{"line":27,"column":29},"end":{"line":33,"column":18}}]},"9":{"type":"branch","line":33,"loc":{"start":{"line":33,"column":18},"end":{"line":35,"column":5}},"locations":[{"start":{"line":33,"column":18},"end":{"line":35,"column":5}}]},"10":{"type":"branch","line":36,"loc":{"start":{"line":36,"column":-1},"end":{"line":38,"column":3}},"locations":[{"start":{"line":36,"column":-1},"end":{"line":38,"column":3}}]},"11":{"type":"branch","line":40,"loc":{"start":{"line":40,"column":8},"end":{"line":43,"column":3}},"locations":[{"start":{"line":40,"column":8},"end":{"line":43,"column":3}}]},"12":{"type":"branch","line":45,"loc":{"start":{"line":45,"column":8},"end":{"line":48,"column":3}},"locations":[{"start":{"line":45,"column":8},"end":{"line":48,"column":3}}]},"13":{"type":"branch","line":50,"loc":{"start":{"line":50,"column":8},"end":{"line":53,"column":3}},"locations":[{"start":{"line":50,"column":8},"end":{"line":53,"column":3}}]}},"b":{"0":[10],"1":[4],"2":[1],"3":[3],"4":[2],"5":[1],"6":[2],"7":[0],"8":[1],"9":[0],"10":[1],"11":[1],"12":[1],"13":[1]},"fnMap":{"0":{"name":"ProductService","decl":{"start":{"line":5,"column":2},"end":{"line":7,"column":3}},"loc":{"start":{"line":5,"column":2},"end":{"line":7,"column":3}},"line":5},"1":{"name":"createProduct","decl":{"start":{"line":9,"column":8},"end":{"line":20,"column":3}},"loc":{"start":{"line":9,"column":8},"end":{"line":20,"column":3}},"line":9},"2":{"name":"updateProduct","decl":{"start":{"line":22,"column":8},"end":{"line":38,"column":3}},"loc":{"start":{"line":22,"column":8},"end":{"line":38,"column":3}},"line":22},"3":{"name":"fetchProducts","decl":{"start":{"line":40,"column":8},"end":{"line":43,"column":3}},"loc":{"start":{"line":40,"column":8},"end":{"line":43,"column":3}},"line":40},"4":{"name":"getProduct","decl":{"start":{"line":45,"column":8},"end":{"line":48,"column":3}},"loc":{"start":{"line":45,"column":8},"end":{"line":48,"column":3}},"line":45},"5":{"name":"deleteProduct","decl":{"start":{"line":50,"column":8},"end":{"line":53,"column":3}},"loc":{"start":{"line":50,"column":8},"end":{"line":53,"column":3}},"line":50}},"f":{"0":10,"1":4,"2":2,"3":1,"4":1,"5":1}}
,"/Users/sukritanand/catalog_service/src/validators/requestValidators.ts": {"path":"/Users/sukritanand/catalog_service/src/validators/requestValidators.ts","all":false,"statementMap":{"0":{"start":{"line":1,"column":0},"end":{"line":1,"column":67}},"1":{"start":{"line":2,"column":0},"end":{"line":2,"column":60}},"2":{"start":{"line":3,"column":0},"end":{"line":3,"column":0}},"3":{"start":{"line":4,"column":0},"end":{"line":4,"column":31}},"4":{"start":{"line":5,"column":0},"end":{"line":5,"column":12}},"5":{"start":{"line":6,"column":0},"end":{"line":6,"column":42}},"6":{"start":{"line":7,"column":0},"end":{"line":7,"column":40}},"7":{"start":{"line":8,"column":0},"end":{"line":8,"column":38}},"8":{"start":{"line":9,"column":0},"end":{"line":9,"column":5}},"9":{"start":{"line":10,"column":0},"end":{"line":10,"column":0}},"10":{"start":{"line":11,"column":0},"end":{"line":11,"column":22}},"11":{"start":{"line":12,"column":0},"end":{"line":12,"column":18}},"12":{"start":{"line":13,"column":0},"end":{"line":13,"column":3}},"13":{"start":{"line":14,"column":0},"end":{"line":14,"column":0}},"14":{"start":{"line":15,"column":0},"end":{"line":15,"column":15}},"15":{"start":{"line":16,"column":0},"end":{"line":16,"column":2}},"16":{"start":{"line":17,"column":0},"end":{"line":17,"column":0}},"17":{"start":{"line":18,"column":0},"end":{"line":18,"column":42}},"18":{"start":{"line":19,"column":0},"end":{"line":19,"column":28}},"19":{"start":{"line":20,"column":0},"end":{"line":20,"column":11}},"20":{"start":{"line":21,"column":0},"end":{"line":21,"column":55}},"21":{"start":{"line":22,"column":0},"end":{"line":22,"column":41}},"22":{"start":{"line":23,"column":0},"end":{"line":23,"column":0}},"23":{"start":{"line":24,"column":0},"end":{"line":24,"column":46}},"24":{"start":{"line":25,"column":0},"end":{"line":25,"column":15}},"25":{"start":{"line":26,"column":0},"end":{"line":26,"column":31}},"26":{"start":{"line":27,"column":0},"end":{"line":27,"column":38}},"27":{"start":{"line":28,"column":0},"end":{"line":28,"column":49}},"28":{"start":{"line":29,"column":0},"end":{"line":29,"column":7}},"29":{"start":{"line":30,"column":0},"end":{"line":30,"column":18}},"30":{"start":{"line":31,"column":0},"end":{"line":31,"column":43}},"31":{"start":{"line":32,"column":0},"end":{"line":32,"column":3}},"32":{"start":{"line":33,"column":0},"end":{"line":33,"column":0}},"33":{"start":{"line":34,"column":0},"end":{"line":34,"column":34}},"34":{"start":{"line":35,"column":0},"end":{"line":35,"column":2}}},"s":{"0":1,"1":1,"2":1,"3":1,"4":6,"5":6,"6":6,"7":6,"8":6,"9":6,"10":6,"11":2,"12":2,"13":4,"14":4,"15":4,"16":1,"17":1,"18":6,"19":6,"20":6,"21":6,"22":6,"23":6,"24":6,"25":2,"26":2,"27":2,"28":2,"29":2,"30":2,"31":2,"32":4,"33":4,"34":4},"branchMap":{"0":{"type":"branch","line":4,"loc":{"start":{"line":4,"column":24},"end":{"line":16,"column":2}},"locations":[{"start":{"line":4,"column":24},"end":{"line":16,"column":2}}]},"1":{"type":"branch","line":6,"loc":{"start":{"line":6,"column":40},"end":{"line":16,"column":2}},"locations":[{"start":{"line":6,"column":40},"end":{"line":16,"column":2}}]},"2":{"type":"branch","line":11,"loc":{"start":{"line":11,"column":21},"end":{"line":13,"column":3}},"locations":[{"start":{"line":11,"column":21},"end":{"line":13,"column":3}}]},"3":{"type":"branch","line":14,"loc":{"start":{"line":14,"column":-1},"end":{"line":16,"column":2}},"locations":[{"start":{"line":14,"column":-1},"end":{"line":16,"column":2}}]},"4":{"type":"branch","line":18,"loc":{"start":{"line":18,"column":32},"end":{"line":35,"column":2}},"locations":[{"start":{"line":18,"column":32},"end":{"line":35,"column":2}}]},"5":{"type":"branch","line":21,"loc":{"start":{"line":21,"column":53},"end":{"line":35,"column":2}},"locations":[{"start":{"line":21,"column":53},"end":{"line":35,"column":2}}]},"6":{"type":"branch","line":25,"loc":{"start":{"line":25,"column":14},"end":{"line":32,"column":3}},"locations":[{"start":{"line":25,"column":14},"end":{"line":32,"column":3}}]},"7":{"type":"branch","line":33,"loc":{"start":{"line":33,"column":-1},"end":{"line":35,"column":2}},"locations":[{"start":{"line":33,"column":-1},"end":{"line":35,"column":2}}]},"8":{"type":"branch","line":27,"loc":{"start":{"line":27,"column":11},"end":{"line":28,"column":49}},"locations":[{"start":{"line":27,"column":11},"end":{"line":28,"column":49}}]}},"b":{"0":[6],"1":[6],"2":[2],"3":[4],"4":[6],"5":[6],"6":[2],"7":[4],"8":[2]},"fnMap":{"0":{"name":"validationError","decl":{"start":{"line":4,"column":24},"end":{"line":16,"column":2}},"loc":{"start":{"line":4,"column":24},"end":{"line":16,"column":2}},"line":4},"1":{"name":"RequestValidator","decl":{"start":{"line":18,"column":32},"end":{"line":35,"column":2}},"loc":{"start":{"line":18,"column":32},"end":{"line":35,"column":2}},"line":18}},"f":{"0":6,"1":6}}
}
