TN:
SF:dist/src/dto/product.dto.js
FN:1,Object.<anonymous>
FN:2,Object.<anonymous>.__decorate
FNF:2
FNH:2
FNDA:1,Object.<anonymous>
FNDA:5,Object.<anonymous>.__decorate
DA:1,1
DA:2,1
DA:3,5
DA:4,5
DA:5,5
DA:6,5
DA:7,1
DA:8,1
DA:9,1
DA:10,1
DA:11,1
DA:12,1
DA:13,1
DA:14,1
DA:15,1
DA:16,1
DA:17,1
DA:18,1
DA:19,1
DA:20,1
DA:21,1
DA:22,1
DA:23,1
DA:24,1
DA:25,1
DA:26,1
DA:27,1
DA:28,1
DA:29,1
DA:30,1
DA:31,1
DA:32,1
DA:33,1
DA:34,1
LF:34
LH:34
BRDA:1,0,0,1
BRDA:1,1,0,1
BRDA:2,2,0,5
BRDA:3,3,0,0
BRDA:3,4,0,0
BRDA:4,5,0,0
BRDA:5,6,0,8
BRDA:5,7,0,0
BRDA:5,8,0,0
BRDA:6,9,0,0
BRF:10
BRH:4
end_of_record
TN:
SF:dist/src/models/product.model.js
FN:1,Object.<anonymous>
FNF:1
FNH:1
FNDA:1,Object.<anonymous>
DA:1,1
DA:2,1
DA:3,1
DA:4,1
DA:5,1
DA:6,1
DA:7,1
DA:8,1
DA:9,1
DA:10,1
DA:11,1
DA:12,1
LF:12
LH:12
BRDA:1,0,0,1
BRDA:1,1,0,1
BRF:2
BRH:2
end_of_record
TN:
SF:dist/src/repository/mockProduct.repository.js
FN:1,Object.<anonymous>
FN:6,create
FN:10,update
FN:14,delete
FN:17,find
FN:20,findOne
FNF:6
FNH:4
FNDA:1,Object.<anonymous>
FNDA:1,create
FNDA:1,update
FNDA:0,delete
FNDA:0,find
FNDA:2,findOne
DA:1,1
DA:2,1
DA:3,1
DA:4,1
DA:5,1
DA:6,1
DA:7,1
DA:8,1
DA:9,1
DA:10,1
DA:11,1
DA:12,1
DA:13,1
DA:14,1
DA:15,0
DA:16,0
DA:17,1
DA:18,0
DA:19,0
DA:20,1
DA:21,2
DA:22,1
DA:23,1
DA:24,1
DA:25,1
DA:26,1
DA:27,1
DA:28,1
DA:29,1
DA:30,1
DA:31,1
DA:32,1
DA:33,1
DA:34,1
DA:35,2
DA:36,1
DA:37,1
LF:37
LH:33
BRDA:1,0,0,1
BRDA:1,1,0,1
BRDA:6,2,0,1
BRDA:10,3,0,1
BRDA:20,4,0,2
BRDA:21,5,0,1
BRF:6
BRH:6
end_of_record
TN:
SF:dist/src/repository/product.repository.js
FN:1,Object.<anonymous>
FN:2,Object.<anonymous>.__awaiter
FN:11,Object.<anonymous>.__importDefault
FN:18,create
FN:24,update
FN:30,delete
FN:36,find
FN:42,findOne
FNF:8
FNH:2
FNDA:1,Object.<anonymous>
FNDA:0,Object.<anonymous>.__awaiter
FNDA:1,Object.<anonymous>.__importDefault
FNDA:0,create
FNDA:0,update
FNDA:0,delete
FNDA:0,find
FNDA:0,findOne
DA:1,1
DA:2,1
DA:3,0
DA:4,0
DA:5,0
DA:6,0
DA:7,0
DA:8,0
DA:9,0
DA:10,1
DA:11,1
DA:12,1
DA:13,1
DA:14,1
DA:15,1
DA:16,1
DA:17,1
DA:18,1
DA:19,0
DA:20,0
DA:21,0
DA:22,0
DA:23,0
DA:24,1
DA:25,0
DA:26,0
DA:27,0
DA:28,0
DA:29,0
DA:30,1
DA:31,0
DA:32,0
DA:33,0
DA:34,0
DA:35,0
DA:36,1
DA:37,0
DA:38,0
DA:39,0
DA:40,0
DA:41,0
DA:42,1
DA:43,0
DA:44,0
DA:45,0
DA:46,0
DA:47,0
DA:48,1
DA:49,1
LF:49
LH:17
BRDA:1,0,0,1
BRDA:1,1,0,1
BRDA:11,2,0,1
BRDA:12,3,0,0
BRF:4
BRH:3
end_of_record
TN:
SF:dist/src/routes/product.routes.js
FN:1,Object.<anonymous>
FN:2,Object.<anonymous>.__awaiter
FN:3,adopt
FN:5,fulfilled
FN:6,rejected
FN:7,step
FN:11,Object.<anonymous>.__importDefault
FNF:7
FNH:7
FNDA:1,Object.<anonymous>
FNDA:9,Object.<anonymous>.__awaiter
FNDA:13,adopt
FNDA:11,fulfilled
FNDA:2,rejected
FNDA:22,step
FNDA:1,Object.<anonymous>.__importDefault
DA:1,1
DA:2,1
DA:3,9
DA:4,9
DA:5,9
DA:6,9
DA:7,9
DA:8,9
DA:9,9
DA:10,1
DA:11,1
DA:12,1
DA:13,1
DA:14,1
DA:15,1
DA:16,1
DA:17,1
DA:18,1
DA:19,1
DA:20,1
DA:21,1
DA:22,1
DA:23,1
DA:24,1
DA:25,3
DA:26,3
DA:27,3
DA:28,3
DA:29,2
DA:30,1
DA:31,1
DA:32,1
DA:33,1
DA:34,1
DA:35,1
DA:36,1
DA:37,1
DA:38,1
DA:39,3
DA:40,3
DA:41,3
DA:42,3
DA:43,3
DA:44,2
DA:45,1
DA:46,1
DA:47,1
DA:48,1
DA:49,1
DA:50,1
DA:51,1
DA:52,1
DA:53,1
DA:54,1
DA:55,1
DA:56,1
DA:57,1
DA:58,1
DA:59,1
DA:60,0
DA:61,0
DA:62,0
DA:63,1
DA:64,1
DA:65,1
DA:66,1
DA:67,1
DA:68,1
DA:69,1
DA:70,1
DA:71,0
DA:72,0
DA:73,0
DA:74,1
DA:75,1
DA:76,1
DA:77,1
DA:78,1
DA:79,1
DA:80,1
DA:81,1
DA:82,0
DA:83,0
DA:84,0
DA:85,1
DA:86,1
LF:86
LH:77
BRDA:1,0,0,1
BRDA:1,1,0,1
BRDA:2,2,0,9
BRDA:3,3,0,13
BRDA:3,4,0,0
BRDA:4,5,0,9
BRDA:5,6,0,11
BRDA:5,7,0,0
BRDA:6,8,0,2
BRDA:6,9,0,0
BRDA:7,10,0,22
BRDA:7,11,0,9
BRDA:7,12,0,13
BRDA:11,13,0,1
BRDA:12,14,0,0
BRDA:24,15,0,3
BRDA:24,16,0,3
BRDA:28,17,0,1
BRDA:29,18,0,2
BRDA:30,19,0,1
BRDA:38,20,0,3
BRDA:38,21,0,3
BRDA:43,22,0,1
BRDA:44,23,0,2
BRDA:45,24,0,1
BRDA:52,25,0,1
BRDA:52,26,0,1
BRDA:59,27,0,0
BRDA:64,28,0,1
BRDA:64,29,0,1
BRDA:70,30,0,0
BRDA:75,31,0,1
BRDA:75,32,0,1
BRDA:81,33,0,0
BRF:34
BRH:27
end_of_record
TN:
SF:dist/src/service/product.service.js
FN:1,Object.<anonymous>
FN:2,Object.<anonymous>.__awaiter
FN:3,adopt
FN:5,fulfilled
FN:6,rejected
FN:7,step
FN:14,ProductService
FN:17,createProduct
FN:30,updateProduct
FN:46,fetchProducts
FN:52,getProduct
FN:58,deleteProduct
FNF:12
FNH:12
FNDA:2,Object.<anonymous>
FNDA:9,Object.<anonymous>.__awaiter
FNDA:9,adopt
FNDA:8,fulfilled
FNDA:1,rejected
FNDA:14,step
FNDA:10,ProductService
FNDA:4,createProduct
FNDA:2,updateProduct
FNDA:1,fetchProducts
FNDA:1,getProduct
FNDA:1,deleteProduct
DA:1,2
DA:2,2
DA:3,9
DA:4,9
DA:5,9
DA:6,9
DA:7,9
DA:8,9
DA:9,9
DA:10,2
DA:11,2
DA:12,2
DA:13,2
DA:14,2
DA:15,10
DA:16,10
DA:17,2
DA:18,4
DA:19,4
DA:20,4
DA:21,1
DA:22,1
DA:23,3
DA:24,4
DA:25,1
DA:26,1
DA:27,1
DA:28,4
DA:29,4
DA:30,2
DA:31,2
DA:32,2
DA:33,0
DA:34,0
DA:35,2
DA:36,2
DA:37,1
DA:38,1
DA:39,1
DA:40,2
DA:41,0
DA:42,0
DA:43,1
DA:44,2
DA:45,2
DA:46,2
DA:47,1
DA:48,1
DA:49,1
DA:50,1
DA:51,1
DA:52,2
DA:53,1
DA:54,1
DA:55,1
DA:56,1
DA:57,1
DA:58,2
DA:59,1
DA:60,1
DA:61,1
DA:62,1
DA:63,1
DA:64,2
DA:65,2
LF:65
LH:61
BRDA:1,0,0,2
BRDA:1,1,0,2
BRDA:2,2,0,9
BRDA:3,3,0,9
BRDA:3,4,0,0
BRDA:4,5,0,9
BRDA:5,6,0,8
BRDA:5,7,0,2
BRDA:6,8,0,1
BRDA:7,9,0,14
BRDA:7,10,0,5
BRDA:7,11,0,9
BRDA:14,12,0,10
BRDA:17,13,0,4
BRDA:18,14,0,4
BRDA:20,15,0,1
BRDA:23,16,0,3
BRDA:24,17,0,2
BRDA:24,18,0,1
BRDA:30,19,0,2
BRDA:31,20,0,2
BRDA:32,21,0,0
BRDA:36,22,0,1
BRDA:40,23,0,0
BRDA:43,24,0,1
BRDA:46,25,0,1
BRDA:47,26,0,1
BRDA:52,27,0,1
BRDA:53,28,0,1
BRDA:58,29,0,1
BRDA:59,30,0,1
BRF:31
BRH:28
end_of_record
TN:
SF:dist/src/validators/requestValidators.js
FN:1,Object.<anonymous>
FN:2,Object.<anonymous>.__awaiter
FN:3,adopt
FN:5,fulfilled
FN:6,rejected
FN:7,step
FN:15,validationError
FN:24,RequestValidator
FNF:8
FNH:7
FNDA:1,Object.<anonymous>
FNDA:12,Object.<anonymous>.__awaiter
FNDA:12,adopt
FNDA:12,fulfilled
FNDA:0,rejected
FNDA:24,step
FNDA:6,validationError
FNDA:6,RequestValidator
DA:1,1
DA:2,1
DA:3,12
DA:4,12
DA:5,12
DA:6,12
DA:7,12
DA:8,12
DA:9,12
DA:10,1
DA:11,1
DA:12,1
DA:13,1
DA:14,1
DA:15,1
DA:16,6
DA:17,6
DA:18,6
DA:19,6
DA:20,2
DA:21,2
DA:22,4
DA:23,1
DA:24,1
DA:25,6
DA:26,6
DA:27,6
DA:28,2
DA:29,2
DA:30,2
DA:31,2
DA:32,2
DA:33,4
DA:34,1
DA:35,1
LF:35
LH:35
BRDA:1,0,0,1
BRDA:1,1,0,1
BRDA:2,2,0,12
BRDA:3,3,0,12
BRDA:3,4,0,0
BRDA:4,5,0,12
BRDA:5,6,0,12
BRDA:5,7,0,0
BRDA:7,8,0,24
BRDA:7,9,0,12
BRDA:7,10,0,12
BRDA:15,11,0,6
BRDA:15,12,0,6
BRDA:19,13,0,2
BRDA:22,14,0,4
BRDA:24,15,0,6
BRDA:24,16,0,6
BRDA:27,17,0,2
BRDA:33,18,0,4
BRDA:29,19,0,2
BRF:20
BRH:18
end_of_record
TN:
SF:src/dto/product.dto.ts
FNF:0
FNH:0
DA:1,1
DA:2,1
DA:3,1
DA:4,1
DA:5,1
DA:6,1
DA:7,1
DA:8,1
DA:9,1
DA:10,1
DA:11,1
DA:12,1
DA:13,1
DA:14,1
DA:15,1
DA:16,1
DA:17,1
DA:18,1
DA:19,1
DA:20,1
DA:21,1
DA:22,1
DA:23,1
DA:24,1
DA:25,1
DA:26,1
DA:27,1
DA:28,1
DA:29,1
DA:30,1
DA:31,1
DA:32,1
DA:33,1
DA:34,1
DA:35,1
LF:35
LH:35
BRF:0
BRH:0
end_of_record
TN:
SF:src/models/product.model.ts
FNF:0
FNH:0
DA:1,1
DA:2,1
DA:3,1
DA:4,1
DA:5,1
DA:6,1
DA:7,1
DA:8,1
DA:9,1
DA:10,1
DA:11,1
DA:12,1
DA:13,1
DA:14,1
DA:15,1
DA:16,1
DA:17,1
DA:18,1
DA:19,1
DA:20,1
DA:21,1
LF:21
LH:21
BRF:0
BRH:0
end_of_record
TN:
SF:src/repository/mockProduct.repository.ts
FN:6,create
FN:14,update
FN:21,delete
FN:24,find
FN:27,findOne
FNF:5
FNH:3
FNDA:1,create
FNDA:1,update
FNDA:0,delete
FNDA:0,find
FNDA:2,findOne
DA:1,1
DA:2,1
DA:3,1
DA:4,1
DA:5,1
DA:6,1
DA:7,1
DA:8,1
DA:9,1
DA:10,1
DA:11,1
DA:12,1
DA:13,1
DA:14,1
DA:15,1
DA:16,1
DA:17,1
DA:18,1
DA:19,1
DA:20,1
DA:21,1
DA:22,0
DA:23,0
DA:24,1
DA:25,0
DA:26,0
DA:27,1
DA:28,2
DA:29,1
DA:30,1
DA:31,1
DA:32,1
DA:33,1
DA:34,1
DA:35,1
DA:36,1
DA:37,1
DA:38,1
DA:39,1
DA:40,1
DA:41,2
DA:42,1
LF:42
LH:38
BRDA:6,0,0,1
BRDA:14,1,0,1
BRDA:27,2,0,2
BRDA:28,3,0,1
BRF:4
BRH:4
end_of_record
TN:
SF:src/repository/product.repository.ts
FN:6,create
FN:10,update
FN:18,delete
FN:22,find
FN:26,findOne
FNF:5
FNH:0
FNDA:0,create
FNDA:0,update
FNDA:0,delete
FNDA:0,find
FNDA:0,findOne
DA:1,1
DA:2,1
DA:3,1
DA:4,1
DA:5,1
DA:6,1
DA:7,0
DA:8,0
DA:9,0
DA:10,1
DA:11,0
DA:12,0
DA:13,0
DA:14,0
DA:15,0
DA:16,0
DA:17,0
DA:18,1
DA:19,0
DA:20,0
DA:21,0
DA:22,1
DA:23,0
DA:24,0
DA:25,0
DA:26,1
DA:27,0
DA:28,0
DA:29,0
DA:30,1
LF:30
LH:11
BRF:0
BRH:0
end_of_record
TN:
SF:src/routes/product.routes.ts
FNF:0
FNH:0
DA:1,1
DA:2,1
DA:3,1
DA:4,1
DA:5,1
DA:6,1
DA:7,1
DA:8,1
DA:9,1
DA:10,1
DA:11,1
DA:12,1
DA:13,1
DA:14,1
DA:15,3
DA:16,3
DA:17,3
DA:18,3
DA:19,3
DA:20,3
DA:21,3
DA:22,2
DA:23,1
DA:24,1
DA:25,1
DA:26,1
DA:27,1
DA:28,1
DA:29,3
DA:30,1
DA:31,1
DA:32,1
DA:33,1
DA:34,1
DA:35,3
DA:36,3
DA:37,3
DA:38,3
DA:39,3
DA:40,3
DA:41,3
DA:42,3
DA:43,3
DA:44,2
DA:45,2
DA:46,1
DA:47,1
DA:48,1
DA:49,1
DA:50,1
DA:51,3
DA:52,1
DA:53,1
DA:54,1
DA:55,1
DA:56,1
DA:57,1
DA:58,1
DA:59,1
DA:60,1
DA:61,1
DA:62,1
DA:63,0
DA:64,0
DA:65,0
DA:66,1
DA:67,1
DA:68,1
DA:69,1
DA:70,1
DA:71,1
DA:72,1
DA:73,1
DA:74,1
DA:75,1
DA:76,1
DA:77,0
DA:78,0
DA:79,0
DA:80,1
DA:81,1
DA:82,1
DA:83,1
DA:84,1
DA:85,1
DA:86,1
DA:87,1
DA:88,1
DA:89,1
DA:90,1
DA:91,0
DA:92,0
DA:93,0
DA:94,1
DA:95,1
DA:96,1
DA:97,1
LF:97
LH:88
BRDA:14,0,0,3
BRDA:14,1,0,3
BRDA:21,2,0,1
BRDA:22,3,0,2
BRDA:23,4,0,1
BRDA:34,5,0,3
BRDA:34,6,0,3
BRDA:43,7,0,1
BRDA:44,8,0,2
BRDA:46,9,0,1
BRDA:56,10,0,1
BRDA:56,11,0,1
BRDA:62,12,0,0
BRDA:71,13,0,1
BRDA:71,14,0,1
BRDA:76,15,0,0
BRDA:85,16,0,1
BRDA:85,17,0,1
BRDA:90,18,0,0
BRF:19
BRH:16
end_of_record
TN:
SF:src/service/product.service.ts
FN:5,ProductService
FN:9,createProduct
FN:22,updateProduct
FN:40,fetchProducts
FN:45,getProduct
FN:50,deleteProduct
FNF:6
FNH:6
FNDA:10,ProductService
FNDA:4,createProduct
FNDA:2,updateProduct
FNDA:1,fetchProducts
FNDA:1,getProduct
FNDA:1,deleteProduct
DA:1,1
DA:2,1
DA:3,1
DA:4,1
DA:5,1
DA:6,10
DA:7,10
DA:8,1
DA:9,1
DA:10,4
DA:11,4
DA:12,1
DA:13,1
DA:14,3
DA:15,4
DA:16,1
DA:17,1
DA:18,1
DA:19,1
DA:20,1
DA:21,1
DA:22,1
DA:23,2
DA:24,0
DA:25,0
DA:26,2
DA:27,2
DA:28,1
DA:29,1
DA:30,1
DA:31,1
DA:32,1
DA:33,2
DA:34,0
DA:35,0
DA:36,1
DA:37,1
DA:38,1
DA:39,1
DA:40,1
DA:41,1
DA:42,1
DA:43,1
DA:44,1
DA:45,1
DA:46,1
DA:47,1
DA:48,1
DA:49,1
DA:50,1
DA:51,1
DA:52,1
DA:53,1
DA:54,1
LF:54
LH:50
BRDA:5,0,0,10
BRDA:9,1,0,4
BRDA:11,2,0,1
BRDA:14,3,0,3
BRDA:15,4,0,2
BRDA:15,5,0,1
BRDA:22,6,0,2
BRDA:23,7,0,0
BRDA:27,8,0,1
BRDA:33,9,0,0
BRDA:36,10,0,1
BRDA:40,11,0,1
BRDA:45,12,0,1
BRDA:50,13,0,1
BRF:14
BRH:12
end_of_record
TN:
SF:src/validators/requestValidators.ts
FN:4,validationError
FN:18,RequestValidator
FNF:2
FNH:2
FNDA:6,validationError
FNDA:6,RequestValidator
DA:1,1
DA:2,1
DA:3,1
DA:4,1
DA:5,6
DA:6,6
DA:7,6
DA:8,6
DA:9,6
DA:10,6
DA:11,6
DA:12,2
DA:13,2
DA:14,4
DA:15,4
DA:16,4
DA:17,1
DA:18,1
DA:19,6
DA:20,6
DA:21,6
DA:22,6
DA:23,6
DA:24,6
DA:25,6
DA:26,2
DA:27,2
DA:28,2
DA:29,2
DA:30,2
DA:31,2
DA:32,2
DA:33,4
DA:34,4
DA:35,4
LF:35
LH:35
BRDA:4,0,0,6
BRDA:6,1,0,6
BRDA:11,2,0,2
BRDA:14,3,0,4
BRDA:18,4,0,6
BRDA:21,5,0,6
BRDA:25,6,0,2
BRDA:33,7,0,4
BRDA:27,8,0,2
BRF:9
BRH:9
end_of_record
